TN:
SF:../../../../../../ImperasLib/source/riscv.ovpworld.org/processor/riscv/1.0/model/riscvConfigList.c
FN:69,riscvGetConfigList
FNDA:3,riscvGetConfigList
FNF:1
FNH:1
DA:69,3
DA:70,3
LF:2
LH:2
end_of_record
TN:
SF:../../../../../../ImperasLib/source/riscv.ovpworld.org/processor/riscv/1.0/model/riscvDecode.c
FN:42,fetch2
FN:49,fetch4
FN:56,is4ByteInstruction
FN:63,compressedPresent
FN:70,getInstructionSize
FN:88,getXLenBits
FN:95,getXLenArch
FN:718,createDecodeTable32
FN:745,getInstructionType32
FN:909,createDecodeTable16
FN:942,getInstructionType16
FN:966,forceWidth32
FN:977,getXWidth
FN:1019,getFWidth
FN:1047,getCSR
FN:1069,getCSRUpdate
FN:1094,validateShift
FN:1110,getConstant
FN:1236,getRegister
FN:1342,getAQRL
FN:1364,getFence
FN:1390,getMemBits
FN:1421,getUnsExt
FN:1443,getRM
FN:1470,fixFPPseudoInstructions
FN:1506,interpretInstruction
FN:1552,decode32
FN:1564,decode16
FN:1576,riscvDecode
FN:1597,riscvGetInstruction
FN:1628,riscvGetInstructionSize
FNDA:0,fetch2
FNDA:1621,fetch4
FNDA:1621,is4ByteInstruction
FNDA:5568,compressedPresent
FNDA:3947,getInstructionSize
FNDA:4828,getXLenBits
FNDA:0,getXLenArch
FNDA:1,createDecodeTable32
FNDA:1621,getInstructionType32
FNDA:0,createDecodeTable16
FNDA:0,getInstructionType16
FNDA:0,forceWidth32
FNDA:1621,getXWidth
FNDA:1621,getFWidth
FNDA:1621,getCSR
FNDA:1621,getCSRUpdate
FNDA:37,validateShift
FNDA:1621,getConstant
FNDA:6484,getRegister
FNDA:1621,getAQRL
FNDA:3242,getFence
FNDA:1621,getMemBits
FNDA:1621,getUnsExt
FNDA:1621,getRM
FNDA:1621,fixFPPseudoInstructions
FNDA:1621,interpretInstruction
FNDA:1621,decode32
FNDA:0,decode16
FNDA:1621,riscvDecode
FNDA:1621,riscvGetInstruction
FNDA:3947,riscvGetInstructionSize
FNF:31
FNH:25
DA:42,0
DA:43,0
DA:49,1621
DA:50,1621
DA:56,1621
DA:57,1621
DA:63,5568
DA:64,5568
DA:70,3947
DA:74,3947
DA:75,3947
DA:76,0
DA:77,0
DA:79,0
DA:82,3947
DA:88,4828
DA:89,4828
DA:95,0
DA:96,0
DA:718,1
DA:721,1
DA:724,140
DA:726,139
DA:728,139
DA:730,139
DA:735,139
DA:739,1
DA:745,1621
DA:750,1621
DA:751,1
DA:755,1621
DA:909,0
DA:912,0
DA:915,0
DA:918,0
DA:920,0
DA:922,0
DA:925,0
DA:926,0
DA:931,0
DA:936,0
DA:942,0
DA:947,0
DA:950,0
DA:951,0
DA:955,0
DA:966,0
DA:968,0
DA:969,0
DA:971,0
DA:977,1621
DA:979,1621
DA:980,1621
DA:983,1621
DA:985,1005
DA:986,1005
DA:988,616
DA:989,616
DA:991,0
DA:993,0
DA:994,0
DA:996,0
DA:997,0
DA:999,0
DA:1001,0
DA:1003,0
DA:1004,0
DA:1006,0
DA:1007,0
DA:1013,1621
DA:1019,1621
DA:1021,1621
DA:1024,1621
DA:1026,1621
DA:1027,1621
DA:1029,0
DA:1031,0
DA:1032,0
DA:1034,0
DA:1035,0
DA:1041,1621
DA:1047,1621
DA:1049,1621
DA:1050,1621
DA:1052,1621
DA:1054,1621
DA:1056,0
DA:1057,0
DA:1063,1621
DA:1069,1621
DA:1074,1621
DA:1075,1621
DA:1077,1621
DA:1079,1621
DA:1081,0
DA:1082,0
DA:1088,1621
DA:1094,37
DA:1100,37
DA:1101,0
DA:1102,37
DA:1103,0
DA:1105,37
DA:1110,1621
DA:1116,1621
DA:1117,1621
DA:1119,1621
DA:1121,91
DA:1123,0
DA:1124,0
DA:1126,843
DA:1127,843
DA:1129,281
DA:1130,281
DA:1131,281
DA:1133,37
DA:1134,37
DA:1135,37
DA:1137,56
DA:1138,56
DA:1140,107
DA:1141,107
DA:1142,107
DA:1143,107
DA:1144,107
DA:1145,107
DA:1147,206
DA:1148,206
DA:1149,206
DA:1150,206
DA:1151,206
DA:1152,206
DA:1154,0
DA:1155,0
DA:1156,0
DA:1158,0
DA:1159,0
DA:1160,0
DA:1161,0
DA:1163,0
DA:1164,0
DA:1165,0
DA:1166,0
DA:1167,0
DA:1168,0
DA:1170,0
DA:1171,0
DA:1172,0
DA:1173,0
DA:1174,0
DA:1176,0
DA:1177,0
DA:1178,0
DA:1180,0
DA:1181,0
DA:1182,0
DA:1183,0
DA:1185,0
DA:1186,0
DA:1187,0
DA:1189,0
DA:1190,0
DA:1191,0
DA:1192,0
DA:1194,0
DA:1195,0
DA:1196,0
DA:1197,0
DA:1199,0
DA:1200,0
DA:1201,0
DA:1203,0
DA:1204,0
DA:1205,0
DA:1207,0
DA:1208,0
DA:1209,0
DA:1210,0
DA:1211,0
DA:1212,0
DA:1213,0
DA:1215,0
DA:1216,0
DA:1217,0
DA:1218,0
DA:1219,0
DA:1220,0
DA:1221,0
DA:1222,0
DA:1223,0
DA:1224,0
DA:1230,1621
DA:1236,6484
DA:1244,6484
DA:1245,6484
DA:1247,6484
DA:1249,3314
DA:1251,0
DA:1252,0
DA:1254,0
DA:1255,0
DA:1257,0
DA:1258,0
DA:1260,0
DA:1261,0
DA:1263,0
DA:1264,0
DA:1266,1134
DA:1267,1134
DA:1269,1458
DA:1270,1458
DA:1272,578
DA:1273,578
DA:1275,0
DA:1276,0
DA:1278,0
DA:1279,0
DA:1281,0
DA:1282,0
DA:1284,0
DA:1285,0
DA:1287,0
DA:1288,0
DA:1290,0
DA:1291,0
DA:1293,0
DA:1294,0
DA:1296,0
DA:1297,0
DA:1299,0
DA:1300,0
DA:1302,0
DA:1303,0
DA:1305,0
DA:1306,0
DA:1308,0
DA:1309,0
DA:1311,0
DA:1312,0
DA:1319,6484
DA:1322,3170
DA:1323,0
DA:1327,3170
DA:1332,6484
DA:1333,0
DA:1336,6484
DA:1342,1621
DA:1344,1621
DA:1345,1621
DA:1347,1621
DA:1349,1621
DA:1351,0
DA:1352,0
DA:1358,1621
DA:1364,3242
DA:1366,3242
DA:1367,3242
DA:1369,3242
DA:1371,3242
DA:1373,0
DA:1374,0
DA:1376,0
DA:1377,0
DA:1383,3242
DA:1390,1621
DA:1392,1621
DA:1393,1621
DA:1395,1621
DA:1397,1025
DA:1399,0
DA:1400,0
DA:1402,596
DA:1403,596
DA:1405,0
DA:1406,0
DA:1408,0
DA:1409,0
DA:1415,1621
DA:1421,1621
DA:1423,1621
DA:1424,1621
DA:1426,1621
DA:1428,1306
DA:1430,315
DA:1431,315
DA:1437,1621
DA:1443,1621
DA:1445,1621
DA:1446,1621
DA:1453,1621
DA:1455,1621
DA:1457,0
DA:1458,0
DA:1464,1621
DA:1470,1621
DA:1472,1621
DA:1475,0
DA:1476,0
DA:1477,0
DA:1478,0
DA:1480,0
DA:1483,0
DA:1484,0
DA:1485,0
DA:1486,0
DA:1488,0
DA:1491,0
DA:1492,0
DA:1493,0
DA:1494,0
DA:1496,0
DA:1499,1621
DA:1501,1621
DA:1506,1621
DA:1512,1621
DA:1513,1621
DA:1514,1621
DA:1515,1621
DA:1518,1621
DA:1519,1621
DA:1522,1621
DA:1525,1621
DA:1528,1621
DA:1529,1621
DA:1532,1621
DA:1533,1621
DA:1534,1621
DA:1535,1621
DA:1536,1621
DA:1537,1621
DA:1538,1621
DA:1539,1621
DA:1540,1621
DA:1541,1621
DA:1542,1621
DA:1543,1621
DA:1546,1621
DA:1547,1621
DA:1552,1621
DA:1555,1621
DA:1558,1621
DA:1559,1621
DA:1564,0
DA:1567,0
DA:1570,0
DA:1571,0
DA:1576,1621
DA:1581,1621
DA:1582,1621
DA:1583,1621
DA:1584,1621
DA:1587,1621
DA:1588,1621
DA:1590,0
DA:1592,1621
DA:1597,1621
DA:1601,1621
DA:1605,1621
DA:1607,0
DA:1611,0
DA:1614,0
DA:1615,0
DA:1619,0
DA:1622,1621
DA:1628,3947
DA:1629,3947
LF:366
LH:180
end_of_record
SF:../../../../../../ImperasLib/source/riscv.ovpworld.org/processor/riscv/1.0/model/riscvRegisterTypes.h
FN:58,isXReg
FN:79,isWLReg
FN:86,isFXReg
FN:93,isXWLReg
FN:114,getRBits
FNDA:9654,isXReg
FNDA:0,isWLReg
FNDA:0,isFXReg
FNDA:0,isXWLReg
FNDA:6377,getRBits
FNF:5
FNH:2
DA:58,9654
DA:59,9654
DA:79,0
DA:80,0
DA:86,0
DA:87,0
DA:93,0
DA:94,0
DA:114,6377
DA:115,6377
LF:10
LH:4
end_of_record
TN:
SF:../../../../../../ImperasLib/source/riscv.ovpworld.org/processor/riscv/1.0/model/riscvMain.c
FN:50,initModelCBs
FN:76,getConfigVariantArg
FN:109,getParent
FN:116,getNumChildren
FN:130,setName
FN:137,setAMPMemberName
FN:150,setClusterMemberName
FN:164,powerOfTwo
FN:187,applyParamsSMP
FN:309,applyParams
FN:322,riscvConstructor
FN:396,riscvPostConstructor
FN:410,riscvDestructor
FN:441,startSave
FN:452,endSave
FN:463,startRestore
FN:478,endRestore
FN:492,refreshModeRestore
FN:504,riscvSaveState
FN:553,riscvRestoreState
FNDA:1,initModelCBs
FNDA:1,getConfigVariantArg
FNDA:1,getParent
FNDA:1,getNumChildren
FNDA:0,setName
FNDA:0,setAMPMemberName
FNDA:0,setClusterMemberName
FNDA:1,powerOfTwo
FNDA:1,applyParamsSMP
FNDA:1,applyParams
FNDA:1,riscvConstructor
FNDA:1,riscvPostConstructor
FNDA:1,riscvDestructor
FNDA:0,startSave
FNDA:0,endSave
FNDA:0,startRestore
FNDA:0,endRestore
FNDA:0,refreshModeRestore
FNDA:0,riscvSaveState
FNDA:0,riscvRestoreState
FNF:20
FNH:10
DA:50,1
DA:53,1
DA:54,1
DA:55,1
DA:56,1
DA:59,1
DA:60,1
DA:63,1
DA:64,1
DA:65,1
DA:66,1
DA:67,1
DA:70,1
DA:71,1
DA:76,1
DA:78,1
DA:79,1
DA:82,1
DA:84,0
DA:90,1
DA:93,1
DA:94,0
DA:103,1
DA:109,1
DA:110,1
DA:116,1
DA:117,1
DA:130,0
DA:131,0
DA:132,0
DA:137,0
DA:139,0
DA:140,0
DA:142,0
DA:144,0
DA:145,0
DA:150,0
DA:152,0
DA:153,0
DA:154,0
DA:156,0
DA:158,0
DA:159,0
DA:164,1
DA:166,1
DA:169,2
DA:170,0
DA:174,1
DA:175,0
DA:181,1
DA:187,1
DA:189,1
DA:192,1
DA:195,1
DA:198,1
DA:199,1
DA:200,1
DA:201,1
DA:202,1
DA:205,1
DA:206,1
DA:207,1
DA:208,1
DA:209,1
DA:210,1
DA:213,1
DA:214,1
DA:215,1
DA:218,1
DA:219,1
DA:220,1
DA:221,1
DA:222,1
DA:223,1
DA:224,1
DA:225,1
DA:226,1
DA:227,1
DA:228,1
DA:229,1
DA:230,1
DA:231,1
DA:232,1
DA:233,1
DA:234,1
DA:235,1
DA:236,1
DA:237,1
DA:238,1
DA:239,1
DA:240,1
DA:241,1
DA:243,1
DA:246,1
DA:247,1
DA:250,1
DA:253,1
DA:254,0
DA:258,0
DA:262,1
DA:263,0
DA:267,0
DA:271,1
DA:278,0
DA:282,1
DA:283,0
DA:285,1
DA:289,1
DA:292,1
DA:295,1
DA:296,1
DA:300,1
DA:303,1
DA:304,1
DA:309,1
DA:312,1
DA:314,1
DA:315,1
DA:317,1
DA:322,1
DA:324,1
DA:325,1
DA:328,1
DA:329,1
DA:330,1
DA:333,1
DA:334,0
DA:338,1
DA:341,1
DA:344,1
DA:347,0
DA:348,0
DA:351,0
DA:356,1
DA:359,1
DA:362,1
DA:365,1
DA:368,1
DA:371,1
DA:374,1
DA:377,1
DA:380,1
DA:384,1
DA:386,0
DA:387,0
DA:389,0
DA:391,1
DA:396,1
DA:398,1
DA:401,1
DA:404,1
DA:405,1
DA:410,1
DA:412,1
DA:415,1
DA:418,1
DA:421,1
DA:424,1
DA:427,1
DA:430,1
DA:431,1
DA:441,0
DA:443,0
DA:446,0
DA:447,0
DA:452,0
DA:454,0
DA:457,0
DA:458,0
DA:463,0
DA:465,0
DA:468,0
DA:471,0
DA:472,0
DA:473,0
DA:478,0
DA:480,0
DA:483,0
DA:486,0
DA:487,0
DA:492,0
DA:494,0
DA:496,0
DA:498,0
DA:499,0
DA:504,0
DA:506,0
DA:508,0
DA:512,0
DA:513,0
DA:517,0
DA:521,0
DA:522,0
DA:523,0
DA:527,0
DA:536,0
DA:539,0
DA:542,0
DA:545,0
DA:546,0
DA:548,0
DA:553,0
DA:555,0
DA:557,0
DA:561,0
DA:562,0
DA:566,0
DA:567,0
DA:571,0
DA:572,0
DA:573,0
DA:574,0
DA:575,0
DA:579,0
DA:588,0
DA:591,0
DA:594,0
DA:597,0
DA:598,0
DA:600,0
LF:220
LH:128
end_of_record
SF:../../../../../../ImperasLib/source/riscv.ovpworld.org/processor/riscv/1.0/model/riscvStructure.h
FN:223,getCurrentMode
FNDA:0,getCurrentMode
FNF:1
FNH:0
DA:223,0
DA:224,0
LF:2
LH:0
end_of_record
TN:
SF:../../../../../../ImperasLib/source/riscv.ovpworld.org/processor/riscv/1.0/model/riscvStructure.h
FN:223,getCurrentMode
FN:230,getASIDMask
FNDA:2,getCurrentMode
FNDA:0,getASIDMask
FNF:2
FNH:1
DA:223,2
DA:224,2
DA:230,0
DA:231,0
LF:4
LH:2
end_of_record
SF:../../../../../../ImperasLib/source/riscv.ovpworld.org/processor/riscv/1.0/model/riscvVM.c
FN:157,getPC
FN:164,getG
FN:171,updatePTEA
FN:178,updatePTED
FN:185,getEntryASID
FN:194,getEntrySimASID
FN:201,getEntryLowVA
FN:208,getEntryHighVA
FN:215,getEntryLowPA
FN:222,getEntryHighPA
FN:229,getEntryASIDMask
FN:250,getMXR
FN:257,getSUM
FN:264,getMPRV
FN:271,getMPP
FN:278,getActiveASID
FN:285,getAddressMask
FN:292,isFetch
FN:300,matchASID
FN:308,getSimASID
FN:321,getPTETableAddress
FN:328,getRootTableAddress
FN:335,checkEntryPermission
FN:376,validVA
FN:383,getPMPDomainPriv
FN:390,getPTWDomain
FN:398,readPageTableEntry
FN:428,writePageTableEntry
FN:480,getAccessChar
FN:505,handlePTWException
FN:644,getSv32VPNi
FN:652,tlbLookupSv32
FN:831,getSv39VPNi
FN:839,tlbLookupSv39
FN:1023,getSv48VPNi
FN:1031,tlbLookupSv48
FN:1164,getModeMask
FN:1171,deleteTLBEntryMappingsMode
FN:1204,unmapTLBEntry
FN:1218,unmapTLBEntryNewASID
FN:1241,privName
FN:1256,dumpTLBEntry
FN:1284,reportDeleteTLBEntry
FN:1294,deleteTLBEntry
FN:1324,deleteTLBEntryMode
FN:1357,newTLBEntry
FN:1373,insertTLBEntry
FN:1382,allocateTLBEntry
FN:1416,getTLBEntryForRange
FN:1444,firstTLBEntryRange
FN:1458,nextTLBEntryRange
FN:1475,invalidateTLBEntriesRange
FN:1494,newTLB
FN:1507,freeTLB
FN:1533,dumpTLB
FN:1549,getDomainName
FN:1568,createDomain
FN:1587,createPMPDomain
FN:1619,createPhysicalDomain
FN:1644,createVirtualDomain
FN:1660,dumpTLBCommand
FN:1672,riscvVMInit
FN:1770,findTLBEntry
FN:1789,initialEntry
FN:1797,tlbLookup
FN:1823,handleInvalidAccess
FN:1837,validateTLBEntryPriv
FN:1880,findOrCreateTLBEntry
FN:1959,readPMPCFGInt
FN:1974,getPMPCFGElem
FN:1981,pmpLocked
FN:1989,getEffectivePMPAddr
FN:2014,getPMPRegionActive
FN:2037,pmpLockedTOR
FN:2054,setPMPPriv
FN:2094,getPMPEntryBounds
FN:2136,lowerPriorityPMPEntryLocked
FN:2155,invalidatePMPEntry
FN:2186,riscvVMReadPMPCFG
FN:2194,riscvVMWritePMPCFG
FN:2264,riscvVMReadPMPAddr
FN:2273,riscvVMWritePMPAddr
FN:2315,riscvVMResetPMP
FN:2338,refinePMPRegionRange
FN:2391,mapPMPInt
FN:2422,mapPMP
FN:2465,mapTLBEntry
FN:2514,tlbMiss
FN:2566,getDomainType
FN:2589,riscvVMMiss
FN:2646,riscvVMFree
FN:2653,riscvVMSetASID
FN:2660,maskASID
FN:2681,riscvVMInvalidateAll
FN:2688,riscvVMInvalidateAllASID
FN:2696,riscvVMInvalidateVA
FN:2703,riscvVMInvalidateVAASID
FN:2711,riscvVMRefreshMPRVDomain
FN:2772,saveTLBEntry
FN:2789,restoreTLBEntry
FN:2803,saveTLB
FN:2820,restoreTLB
FN:2837,saveVM
FN:2849,restoreVM
FN:2862,riscvVMSave
FN:2875,riscvVMRestore
FNDA:0,getPC
FNDA:0,getG
FNDA:0,updatePTEA
FNDA:0,updatePTED
FNDA:0,getEntryASID
FNDA:0,getEntrySimASID
FNDA:0,getEntryLowVA
FNDA:0,getEntryHighVA
FNDA:0,getEntryLowPA
FNDA:0,getEntryHighPA
FNDA:0,getEntryASIDMask
FNDA:0,getMXR
FNDA:0,getSUM
FNDA:2,getMPRV
FNDA:0,getMPP
FNDA:0,getActiveASID
FNDA:10,getAddressMask
FNDA:0,isFetch
FNDA:0,matchASID
FNDA:0,getSimASID
FNDA:0,getPTETableAddress
FNDA:0,getRootTableAddress
FNDA:0,checkEntryPermission
FNDA:0,validVA
FNDA:0,getPMPDomainPriv
FNDA:0,getPTWDomain
FNDA:0,readPageTableEntry
FNDA:0,writePageTableEntry
FNDA:0,getAccessChar
FNDA:0,handlePTWException
FNDA:0,getSv32VPNi
FNDA:0,tlbLookupSv32
FNDA:0,getSv39VPNi
FNDA:0,tlbLookupSv39
FNDA:0,getSv48VPNi
FNDA:0,tlbLookupSv48
FNDA:0,getModeMask
FNDA:0,deleteTLBEntryMappingsMode
FNDA:0,unmapTLBEntry
FNDA:0,unmapTLBEntryNewASID
FNDA:0,privName
FNDA:0,dumpTLBEntry
FNDA:0,reportDeleteTLBEntry
FNDA:0,deleteTLBEntry
FNDA:0,deleteTLBEntryMode
FNDA:0,newTLBEntry
FNDA:0,insertTLBEntry
FNDA:0,allocateTLBEntry
FNDA:1,getTLBEntryForRange
FNDA:1,firstTLBEntryRange
FNDA:0,nextTLBEntryRange
FNDA:1,invalidateTLBEntriesRange
FNDA:1,newTLB
FNDA:1,freeTLB
FNDA:0,dumpTLB
FNDA:8,getDomainName
FNDA:8,createDomain
FNDA:3,createPMPDomain
FNDA:3,createPhysicalDomain
FNDA:2,createVirtualDomain
FNDA:0,dumpTLBCommand
FNDA:1,riscvVMInit
FNDA:0,findTLBEntry
FNDA:0,initialEntry
FNDA:0,tlbLookup
FNDA:0,handleInvalidAccess
FNDA:0,validateTLBEntryPriv
FNDA:0,findOrCreateTLBEntry
FNDA:0,readPMPCFGInt
FNDA:16,getPMPCFGElem
FNDA:0,pmpLocked
FNDA:0,getEffectivePMPAddr
FNDA:16,getPMPRegionActive
FNDA:0,pmpLockedTOR
FNDA:1,setPMPPriv
FNDA:0,getPMPEntryBounds
FNDA:0,lowerPriorityPMPEntryLocked
FNDA:0,invalidatePMPEntry
FNDA:0,riscvVMReadPMPCFG
FNDA:0,riscvVMWritePMPCFG
FNDA:0,riscvVMReadPMPAddr
FNDA:0,riscvVMWritePMPAddr
FNDA:2,riscvVMResetPMP
FNDA:16,refinePMPRegionRange
FNDA:1,mapPMPInt
FNDA:1,mapPMP
FNDA:0,mapTLBEntry
FNDA:0,tlbMiss
FNDA:1,getDomainType
FNDA:1,riscvVMMiss
FNDA:1,riscvVMFree
FNDA:0,riscvVMSetASID
FNDA:0,maskASID
FNDA:0,riscvVMInvalidateAll
FNDA:0,riscvVMInvalidateAllASID
FNDA:0,riscvVMInvalidateVA
FNDA:0,riscvVMInvalidateVAASID
FNDA:2,riscvVMRefreshMPRVDomain
FNDA:0,saveTLBEntry
FNDA:0,restoreTLBEntry
FNDA:0,saveTLB
FNDA:0,restoreTLB
FNDA:0,saveVM
FNDA:0,restoreVM
FNDA:0,riscvVMSave
FNDA:0,riscvVMRestore
FNF:106
FNH:24
DA:157,0
DA:158,0
DA:164,0
DA:165,0
DA:171,0
DA:172,0
DA:178,0
DA:179,0
DA:185,0
DA:186,0
DA:194,0
DA:195,0
DA:201,0
DA:202,0
DA:208,0
DA:209,0
DA:215,0
DA:216,0
DA:222,0
DA:223,0
DA:229,0
DA:231,0
DA:234,0
DA:235,0
DA:240,0
DA:241,0
DA:244,0
DA:250,0
DA:251,0
DA:257,0
DA:258,0
DA:264,2
DA:265,2
DA:271,0
DA:272,0
DA:278,0
DA:279,0
DA:285,10
DA:286,10
DA:292,0
DA:293,0
DA:300,0
DA:301,0
DA:308,0
DA:309,0
DA:311,0
DA:312,0
DA:313,0
DA:321,0
DA:322,0
DA:328,0
DA:329,0
DA:335,0
DA:341,0
DA:346,0
DA:347,0
DA:350,0
DA:353,0
DA:354,0
DA:357,0
DA:360,0
DA:361,0
DA:362,0
DA:365,0
DA:370,0
DA:376,0
DA:377,0
DA:383,0
DA:384,0
DA:390,0
DA:391,0
DA:398,0
DA:405,0
DA:409,0
DA:410,0
DA:413,0
DA:414,0
DA:416,0
DA:420,0
DA:422,0
DA:428,0
DA:436,0
DA:439,0
DA:440,0
DA:443,0
DA:446,0
DA:447,0
DA:449,0
DA:453,0
DA:454,0
DA:480,0
DA:482,0
DA:484,0
DA:486,0
DA:487,0
DA:489,0
DA:490,0
DA:492,0
DA:493,0
DA:499,0
DA:505,0
DA:542,0
DA:543,0
DA:547,0
DA:548,0
DA:549,0
DA:550,0
DA:554,0
DA:555,0
DA:562,0
DA:567,0
DA:568,0
DA:569,0
DA:570,0
DA:571,0
DA:572,0
DA:573,0
DA:574,0
DA:576,0
DA:644,0
DA:645,0
DA:652,0
DA:659,0
DA:660,0
DA:668,0
DA:671,0
DA:672,0
DA:674,0
DA:677,0
DA:680,0
DA:685,0
DA:686,0
DA:687,0
DA:688,0
DA:689,0
DA:690,0
DA:691,0
DA:692,0
DA:697,0
DA:698,0
DA:702,0
DA:703,0
DA:706,0
DA:709,0
DA:710,0
DA:714,0
DA:715,0
DA:718,0
DA:721,0
DA:722,0
DA:723,0
DA:724,0
DA:725,0
DA:728,0
DA:729,0
DA:733,0
DA:735,0
DA:737,0
DA:739,0
DA:742,0
DA:743,0
DA:747,0
DA:749,0
DA:751,0
DA:753,0
DA:754,0
DA:758,0
DA:760,0
DA:763,0
DA:764,0
DA:769,0
DA:831,0
DA:832,0
DA:839,0
DA:846,0
DA:847,0
DA:848,0
DA:855,0
DA:856,0
DA:860,0
DA:863,0
DA:864,0
DA:866,0
DA:869,0
DA:872,0
DA:877,0
DA:878,0
DA:879,0
DA:880,0
DA:881,0
DA:882,0
DA:883,0
DA:884,0
DA:889,0
DA:890,0
DA:894,0
DA:895,0
DA:898,0
DA:901,0
DA:902,0
DA:906,0
DA:907,0
DA:910,0
DA:913,0
DA:914,0
DA:915,0
DA:916,0
DA:917,0
DA:920,0
DA:921,0
DA:925,0
DA:927,0
DA:929,0
DA:931,0
DA:934,0
DA:935,0
DA:939,0
DA:941,0
DA:943,0
DA:945,0
DA:946,0
DA:950,0
DA:952,0
DA:955,0
DA:956,0
DA:961,0
DA:1023,0
DA:1024,0
DA:1031,0
DA:1038,0
DA:1039,0
DA:1040,0
DA:1047,0
DA:1048,0
DA:1052,0
DA:1055,0
DA:1056,0
DA:1058,0
DA:1061,0
DA:1064,0
DA:1069,0
DA:1070,0
DA:1071,0
DA:1072,0
DA:1073,0
DA:1074,0
DA:1075,0
DA:1076,0
DA:1081,0
DA:1082,0
DA:1086,0
DA:1087,0
DA:1090,0
DA:1093,0
DA:1094,0
DA:1098,0
DA:1099,0
DA:1102,0
DA:1105,0
DA:1106,0
DA:1107,0
DA:1108,0
DA:1109,0
DA:1112,0
DA:1113,0
DA:1117,0
DA:1119,0
DA:1121,0
DA:1123,0
DA:1126,0
DA:1127,0
DA:1131,0
DA:1133,0
DA:1135,0
DA:1137,0
DA:1138,0
DA:1142,0
DA:1144,0
DA:1147,0
DA:1148,0
DA:1153,0
DA:1164,0
DA:1165,0
DA:1171,0
DA:1176,0
DA:1179,0
DA:1181,0
DA:1182,0
DA:1183,0
DA:1184,0
DA:1185,0
DA:1186,0
DA:1188,0
DA:1189,0
DA:1192,0
DA:1193,0
DA:1197,0
DA:1199,0
DA:1204,0
DA:1209,0
DA:1210,0
DA:1212,0
DA:1218,0
DA:1225,0
DA:1227,0
DA:1228,0
DA:1229,0
DA:1232,0
DA:1233,0
DA:1236,0
DA:1241,0
DA:1248,0
DA:1250,0
DA:1256,0
DA:1259,0
DA:1260,0
DA:1261,0
DA:1262,0
DA:1266,0
DA:1267,0
DA:1269,0
DA:1272,0
DA:1276,0
DA:1279,0
DA:1284,0
DA:1285,0
DA:1286,0
DA:1287,0
DA:1289,0
DA:1294,0
DA:1297,0
DA:1298,0
DA:1302,0
DA:1305,0
DA:1306,0
DA:1309,0
DA:1310,0
DA:1311,0
DA:1324,0
DA:1331,0
DA:1333,0
DA:1336,0
DA:1338,0
DA:1341,0
DA:1343,0
DA:1346,0
DA:1349,0
DA:1350,0
DA:1352,0
DA:1357,0
DA:1361,0
DA:1362,0
DA:1364,0
DA:1367,0
DA:1373,0
DA:1374,0
DA:1375,0
DA:1377,0
DA:1382,0
DA:1389,0
DA:1392,0
DA:1395,0
DA:1398,0
DA:1401,0
DA:1402,0
DA:1403,0
DA:1404,0
DA:1408,0
DA:1416,1
DA:1423,2
DA:1425,0
DA:1426,0
DA:1429,0
DA:1430,0
DA:1433,0
DA:1435,0
DA:1438,1
DA:1444,1
DA:1450,1
DA:1452,1
DA:1458,0
DA:1464,0
DA:1466,0
DA:1475,1
DA:1483,1
DA:1484,1
DA:1489,1
DA:1494,1
DA:1496,1
DA:1499,1
DA:1501,1
DA:1507,1
DA:1509,1
DA:1514,1
DA:1517,2
DA:1518,0
DA:1519,0
DA:1523,1
DA:1526,1
DA:1528,1
DA:1533,0
DA:1535,0
DA:1537,0
DA:1539,0
DA:1544,0
DA:1549,8
DA:1556,8
DA:1561,0
DA:1563,8
DA:1568,8
DA:1578,8
DA:1581,8
DA:1587,3
DA:1594,3
DA:1595,3
DA:1596,3
DA:1597,3
DA:1600,3
DA:1605,3
DA:1608,3
DA:1609,3
DA:1613,3
DA:1614,3
DA:1619,3
DA:1625,3
DA:1626,3
DA:1627,3
DA:1630,3
DA:1635,3
DA:1638,3
DA:1639,3
DA:1644,2
DA:1650,2
DA:1652,2
DA:1655,2
DA:1660,0
DA:1662,0
DA:1664,0
DA:1666,0
DA:1672,1
DA:1674,1
DA:1675,1
DA:1676,1
DA:1677,1
DA:1678,1
DA:1679,1
DA:1683,1
DA:1686,1
DA:1688,4
DA:1691,3
DA:1694,3
DA:1695,3
DA:1697,0
DA:1701,3
DA:1704,3
DA:1705,3
DA:1707,0
DA:1711,3
DA:1712,3
DA:1715,2
DA:1718,1
DA:1719,1
DA:1720,1
DA:1721,1
DA:1724,1
DA:1725,1
DA:1728,5
DA:1730,4
DA:1733,4
DA:1736,2
DA:1739,2
DA:1740,2
DA:1742,0
DA:1746,2
DA:1747,2
DA:1751,1
DA:1754,1
DA:1757,1
DA:1765,1
DA:1770,0
DA:1772,0
DA:1775,0
DA:1783,0
DA:1789,0
DA:1790,0
DA:1791,0
DA:1797,0
DA:1804,0
DA:1805,0
DA:1807,0
DA:1808,0
DA:1809,0
DA:1810,0
DA:1811,0
DA:1812,0
DA:1817,0
DA:1823,0
DA:1829,0
DA:1830,0
DA:1832,0
DA:1837,0
DA:1847,0
DA:1851,0
DA:1854,0
DA:1856,0
DA:1860,0
DA:1861,0
DA:1867,0
DA:1868,0
DA:1871,0
DA:1874,0
DA:1880,0
DA:1886,0
DA:1887,0
DA:1888,0
DA:1891,0
DA:1895,0
DA:1900,0
DA:1905,0
DA:1908,0
DA:1913,0
DA:1914,0
DA:1916,0
DA:1920,0
DA:1925,0
DA:1959,0
DA:1961,0
DA:1964,0
DA:1965,0
DA:1967,0
DA:1974,16
DA:1975,16
DA:1981,0
DA:1982,0
DA:1989,0
DA:1991,0
DA:1992,0
DA:1993,0
DA:1995,0
DA:1999,0
DA:2001,0
DA:2005,0
DA:2008,0
DA:2014,16
DA:2016,16
DA:2019,16
DA:2021,0
DA:2024,0
DA:2030,0
DA:2037,0
DA:2039,0
DA:2041,0
DA:2043,0
DA:2045,0
DA:2048,0
DA:2054,1
DA:2061,1
DA:2062,1
DA:2065,1
DA:2066,0
DA:2072,1
DA:2075,1
DA:2080,0
DA:2081,0
DA:2085,0
DA:2086,0
DA:2089,1
DA:2094,0
DA:2100,0
DA:2101,0
DA:2104,0
DA:2107,0
DA:2109,0
DA:2112,0
DA:2113,0
DA:2115,0
DA:2116,0
DA:2121,0
DA:2122,0
DA:2125,0
DA:2129,0
DA:2130,0
DA:2131,0
DA:2136,0
DA:2140,0
DA:2142,0
DA:2144,0
DA:2145,0
DA:2149,0
DA:2155,0
DA:2157,0
DA:2159,0
DA:2165,0
DA:2168,0
DA:2171,0
DA:2176,0
DA:2177,0
DA:2181,0
DA:2186,0
DA:2187,0
DA:2194,0
DA:2196,0
DA:2197,0
DA:2198,0
DA:2199,0
DA:2200,0
DA:2205,0
DA:2207,0
DA:2209,0
DA:2210,0
DA:2211,0
DA:2215,0
DA:2218,0
DA:2219,0
DA:2221,0
DA:2225,0
DA:2228,0
DA:2229,0
DA:2232,0
DA:2233,0
DA:2234,0
DA:2237,0
DA:2240,0
DA:2242,0
DA:2245,0
DA:2248,0
DA:2251,0
DA:2258,0
DA:2264,0
DA:2266,0
DA:2273,0
DA:2275,0
DA:2276,0
DA:2279,0
DA:2282,0
DA:2283,0
DA:2286,0
DA:2288,0
DA:2292,0
DA:2299,0
DA:2302,0
DA:2305,0
DA:2309,0
DA:2315,2
DA:2317,2
DA:2320,34
DA:2322,32
DA:2325,0
DA:2328,0
DA:2329,0
DA:2332,2
DA:2338,16
DA:2347,16
DA:2350,16
DA:2356,0
DA:2358,0
DA:2362,0
DA:2365,0
DA:2366,0
DA:2369,0
DA:2370,0
DA:2372,0
DA:2375,0
DA:2378,0
DA:2380,0
DA:2383,0
DA:2386,16
DA:2391,1
DA:2398,1
DA:2399,1
DA:2403,1
DA:2406,17
DA:2407,16
DA:2411,1
DA:2412,0
DA:2416,1
DA:2417,1
DA:2422,1
DA:2429,1
DA:2431,1
DA:2433,1
DA:2434,1
DA:2436,1
DA:2442,1
DA:2443,1
DA:2446,1
DA:2447,1
DA:2449,0
DA:2452,1
DA:2454,1
DA:2465,0
DA:2473,0
DA:2474,0
DA:2475,0
DA:2476,0
DA:2477,0
DA:2478,0
DA:2479,0
DA:2480,0
DA:2481,0
DA:2484,0
DA:2486,0
DA:2488,0
DA:2489,0
DA:2490,0
DA:2491,0
DA:2495,0
DA:2500,0
DA:2503,0
DA:2506,0
DA:2507,0
DA:2508,0
DA:2514,0
DA:2521,0
DA:2524,0
DA:2527,0
DA:2528,0
DA:2532,0
DA:2536,0
DA:2539,0
DA:2542,0
DA:2545,0
DA:2566,1
DA:2572,1
DA:2574,1
DA:2575,1
DA:2576,0
DA:2577,0
DA:2578,0
DA:2579,0
DA:2582,1
DA:2589,1
DA:2597,1
DA:2598,1
DA:2603,1
DA:2606,2
DA:2608,2
DA:2610,1
DA:2612,1
DA:2615,0
DA:2616,0
DA:2621,0
DA:2622,0
DA:2623,0
DA:2625,0
DA:2627,0
DA:2629,1
DA:2633,1
DA:2640,1
DA:2646,1
DA:2647,1
DA:2648,1
DA:2653,0
DA:2654,0
DA:2655,0
DA:2660,0
DA:2665,0
DA:2666,0
DA:2667,0
DA:2669,0
DA:2670,0
DA:2675,0
DA:2681,0
DA:2682,0
DA:2683,0
DA:2688,0
DA:2689,0
DA:2690,0
DA:2691,0
DA:2696,0
DA:2697,0
DA:2698,0
DA:2703,0
DA:2704,0
DA:2705,0
DA:2706,0
DA:2711,2
DA:2714,2
DA:2715,2
DA:2716,2
DA:2719,2
DA:2722,0
DA:2725,0
DA:2726,0
DA:2730,0
DA:2731,0
DA:2741,0
DA:2745,2
DA:2746,0
DA:2751,2
DA:2752,2
DA:2756,2
DA:2757,0
DA:2759,2
DA:2772,0
DA:2775,0
DA:2778,0
DA:2779,0
DA:2781,0
DA:2784,0
DA:2789,0
DA:2791,0
DA:2794,0
DA:2797,0
DA:2798,0
DA:2803,0
DA:2806,0
DA:2814,0
DA:2815,0
DA:2820,0
DA:2825,0
DA:2826,0
DA:2830,0
DA:2832,0
DA:2837,0
DA:2839,0
DA:2841,0
DA:2842,0
DA:2844,0
DA:2849,0
DA:2851,0
DA:2853,0
DA:2854,0
DA:2855,0
DA:2857,0
DA:2862,0
DA:2867,0
DA:2868,0
DA:2870,0
DA:2875,0
DA:2880,0
DA:2881,0
DA:2883,0
LF:833
LH:162
end_of_record
TN:
SF:../../../../../../ImperasLib/source/riscv.ovpworld.org/processor/riscv/1.0/model/riscvCSR.c
FN:47,getPC
FN:64,misaW
FN:124,fflagsR
FN:142,fflagsW
FN:160,frmR
FN:175,refreshFPCR
FN:187,frmW
FN:206,fcsrR
FN:222,fcsrW
FN:250,statusR
FN:279,statusW
FN:317,mstatusR
FN:326,mstatusW
FN:340,sstatusR
FN:349,sstatusW
FN:363,ustatusR
FN:372,ustatusW
FN:391,getSIRMask
FN:398,getUIRMask
FN:406,ipR
FN:421,ipW
FN:448,mipRW
FN:455,mipW
FN:462,mipR
FN:469,sipR
FN:476,sipRW
FN:483,sipW
FN:490,uipR
FN:497,uipRW
FN:504,uipW
FN:511,ieR
FN:518,ieW
FN:541,mieW
FN:548,sieR
FN:555,sieW
FN:562,uieR
FN:569,uieW
FN:576,midelegW
FN:599,sidelegW
FN:628,tvecW
FN:648,mtvecW
FN:664,stvecW
FN:680,utvecW
FN:706,getHPMMask
FN:726,hpmAccessValid
FN:768,setHalf
FN:780,setLower
FN:787,setUpper
FN:794,getXLENValue
FN:801,getCycles
FN:808,getInstructions
FN:815,cycleR
FN:823,cycleW
FN:835,mcycleR
FN:849,mcycleW
FN:865,mcyclehR
FN:879,mcyclehW
FN:891,timeR
FN:898,mtimeR
FN:912,mtimehR
FN:926,instretR
FN:934,instretW
FN:941,minstretR
FN:955,minstretW
FN:971,minstrethR
FN:985,minstrethW
FN:997,mhpmR
FN:1009,mhpmW
FN:1026,satpW
FN:1082,pmpcfgR
FN:1089,pmpcfgW
FN:1096,pmpaddrR
FN:1103,pmpaddrW
FN:1393,getCSRId
FN:1401,getCSRNum
FN:1409,getAccess
FN:1421,getMissingCSRFeatures
FN:1451,getCSRMode
FN:1475,getRawArch
FN:1482,getWriteMaskCArch
FN:1489,getWriteMaskVArch
FN:1496,getVMIRegValue
FN:1503,getVMIRegValue32
FN:1510,getVMIRegValue64
FN:1517,getCSRRegValue
FN:1528,getCSRWriteMask32
FN:1542,getCSRWriteMask64
FN:1556,getCSRWriteMask
FN:1568,getEntryCSRAttrs
FN:1582,riscvNewCSR
FN:1600,getCSRAttrs
FN:1611,getNextCSR
FN:1628,getCSRMemAttrs
FN:1635,getCSRBusAddress
FN:1642,csrExternalRead32
FN:1663,csrExternalWrite32
FN:1687,csrExternalRead64
FN:1708,csrExternalWrite64
FN:1732,csrImplementExternal
FN:1764,csrImplementExternalRead
FN:1774,csrImplementExternalWrite
FN:1784,getCSRExternalReadCB
FN:1791,getCSRExternalWriteCB
FN:1798,getCSRReadCB
FN:1816,getCSRWriteCB
FN:1836,toConfiguredArch
FN:1849,fromConfiguredArch
FN:1902,riscvCSRReset
FN:1933,riscvCSRInitialReset
FN:1967,getExceptionMask
FN:1977,getInterruptMask
FN:1987,riscvCSRInit
FN:2247,riscvCSRFree
FN:2264,riscvGetCSRName
FN:2279,riscvReadCSR
FN:2340,riscvWriteCSR
FN:2419,warnUnimplementedCSR
FN:2438,emitWarnUnimplementedCSR
FN:2451,riscvValidateCSRAccess
FN:2496,riscvEmitCSRRead
FN:2540,riscvEmitCSRWrite
FN:2609,riscvGetCSRDetails
FN:2657,riscvCSRSave
FN:2692,riscvCSRRestore
FNDA:0,getPC
FNDA:0,misaW
FNDA:0,fflagsR
FNDA:0,fflagsW
FNDA:0,frmR
FNDA:0,refreshFPCR
FNDA:0,frmW
FNDA:0,fcsrR
FNDA:0,fcsrW
FNDA:0,statusR
FNDA:0,statusW
FNDA:0,mstatusR
FNDA:0,mstatusW
FNDA:0,sstatusR
FNDA:0,sstatusW
FNDA:0,ustatusR
FNDA:0,ustatusW
FNDA:0,getSIRMask
FNDA:0,getUIRMask
FNDA:0,ipR
FNDA:0,ipW
FNDA:0,mipRW
FNDA:0,mipW
FNDA:0,mipR
FNDA:0,sipR
FNDA:0,sipRW
FNDA:0,sipW
FNDA:0,uipR
FNDA:0,uipRW
FNDA:0,uipW
FNDA:0,ieR
FNDA:0,ieW
FNDA:0,mieW
FNDA:0,sieR
FNDA:0,sieW
FNDA:0,uieR
FNDA:0,uieW
FNDA:0,midelegW
FNDA:0,sidelegW
FNDA:0,tvecW
FNDA:0,mtvecW
FNDA:0,stvecW
FNDA:0,utvecW
FNDA:0,getHPMMask
FNDA:0,hpmAccessValid
FNDA:0,setHalf
FNDA:0,setLower
FNDA:0,setUpper
FNDA:0,getXLENValue
FNDA:0,getCycles
FNDA:0,getInstructions
FNDA:0,cycleR
FNDA:0,cycleW
FNDA:0,mcycleR
FNDA:0,mcycleW
FNDA:0,mcyclehR
FNDA:0,mcyclehW
FNDA:0,timeR
FNDA:0,mtimeR
FNDA:0,mtimehR
FNDA:0,instretR
FNDA:0,instretW
FNDA:0,minstretR
FNDA:0,minstretW
FNDA:0,minstrethR
FNDA:0,minstrethW
FNDA:0,mhpmR
FNDA:0,mhpmW
FNDA:0,satpW
FNDA:0,pmpcfgR
FNDA:0,pmpcfgW
FNDA:0,pmpaddrR
FNDA:0,pmpaddrW
FNDA:0,getCSRId
FNDA:0,getCSRNum
FNDA:416,getAccess
FNDA:442,getMissingCSRFeatures
FNDA:416,getCSRMode
FNDA:416,getRawArch
FNDA:36,getWriteMaskCArch
FNDA:36,getWriteMaskVArch
FNDA:0,getVMIRegValue
FNDA:0,getVMIRegValue32
FNDA:0,getVMIRegValue64
FNDA:0,getCSRRegValue
FNDA:0,getCSRWriteMask32
FNDA:0,getCSRWriteMask64
FNDA:0,getCSRWriteMask
FNDA:444,getEntryCSRAttrs
FNDA:221,riscvNewCSR
FNDA:0,getCSRAttrs
FNDA:444,getNextCSR
FNDA:0,getCSRMemAttrs
FNDA:0,getCSRBusAddress
FNDA:0,csrExternalRead32
FNDA:0,csrExternalWrite32
FNDA:0,csrExternalRead64
FNDA:0,csrExternalWrite64
FNDA:696,csrImplementExternal
FNDA:416,csrImplementExternalRead
FNDA:280,csrImplementExternalWrite
FNDA:0,getCSRExternalReadCB
FNDA:0,getCSRExternalWriteCB
FNDA:416,getCSRReadCB
FNDA:280,getCSRWriteCB
FNDA:2,toConfiguredArch
FNDA:0,fromConfiguredArch
FNDA:2,riscvCSRReset
FNDA:1,riscvCSRInitialReset
FNDA:3,getExceptionMask
FNDA:9,getInterruptMask
FNDA:1,riscvCSRInit
FNDA:1,riscvCSRFree
FNDA:0,riscvGetCSRName
FNDA:0,riscvReadCSR
FNDA:0,riscvWriteCSR
FNDA:0,warnUnimplementedCSR
FNDA:0,emitWarnUnimplementedCSR
FNDA:0,riscvValidateCSRAccess
FNDA:0,riscvEmitCSRRead
FNDA:0,riscvEmitCSRWrite
FNDA:418,riscvGetCSRDetails
FNDA:0,riscvCSRSave
FNDA:0,riscvCSRRestore
FNF:124
FNH:22
DA:47,0
DA:48,0
DA:64,0
DA:66,0
DA:67,0
DA:68,0
DA:69,0
DA:72,0
DA:74,0
DA:78,0
DA:81,0
DA:83,0
DA:84,0
DA:87,0
DA:90,0
DA:91,0
DA:93,0
DA:96,0
DA:99,0
DA:100,0
DA:102,0
DA:107,0
DA:110,0
DA:113,0
DA:124,0
DA:126,0
DA:129,0
DA:130,0
DA:131,0
DA:132,0
DA:133,0
DA:136,0
DA:142,0
DA:144,0
DA:147,0
DA:148,0
DA:149,0
DA:150,0
DA:151,0
DA:154,0
DA:160,0
DA:162,0
DA:165,0
DA:168,0
DA:175,0
DA:177,0
DA:179,0
DA:180,0
DA:182,0
DA:187,0
DA:189,0
DA:191,0
DA:194,0
DA:197,0
DA:200,0
DA:206,0
DA:209,0
DA:210,0
DA:211,0
DA:212,0
DA:213,0
DA:216,0
DA:222,0
DA:224,0
DA:226,0
DA:229,0
DA:230,0
DA:231,0
DA:232,0
DA:233,0
DA:236,0
DA:239,0
DA:250,0
DA:252,0
DA:253,0
DA:257,0
DA:258,0
DA:259,0
DA:263,0
DA:266,0
DA:267,0
DA:270,0
DA:273,0
DA:279,0
DA:281,0
DA:284,0
DA:285,0
DA:286,0
DA:289,0
DA:290,0
DA:291,0
DA:295,0
DA:296,0
DA:300,0
DA:303,0
DA:306,0
DA:309,0
DA:310,0
DA:312,0
DA:317,0
DA:320,0
DA:326,0
DA:328,0
DA:331,0
DA:334,0
DA:340,0
DA:343,0
DA:349,0
DA:351,0
DA:354,0
DA:357,0
DA:363,0
DA:366,0
DA:372,0
DA:374,0
DA:377,0
DA:380,0
DA:391,0
DA:392,0
DA:398,0
DA:399,0
DA:406,0
DA:408,0
DA:411,0
DA:412,0
DA:415,0
DA:421,0
DA:423,0
DA:426,0
DA:428,0
DA:431,0
DA:434,0
DA:437,0
DA:438,0
DA:442,0
DA:448,0
DA:449,0
DA:455,0
DA:456,0
DA:462,0
DA:463,0
DA:469,0
DA:470,0
DA:476,0
DA:477,0
DA:483,0
DA:484,0
DA:490,0
DA:491,0
DA:497,0
DA:498,0
DA:504,0
DA:505,0
DA:511,0
DA:512,0
DA:518,0
DA:520,0
DA:521,0
DA:524,0
DA:527,0
DA:530,0
DA:531,0
DA:535,0
DA:541,0
DA:542,0
DA:548,0
DA:549,0
DA:555,0
DA:556,0
DA:562,0
DA:563,0
DA:569,0
DA:570,0
DA:576,0
DA:578,0
DA:579,0
DA:582,0
DA:585,0
DA:588,0
DA:589,0
DA:593,0
DA:599,0
DA:601,0
DA:602,0
DA:605,0
DA:608,0
DA:611,0
DA:612,0
DA:616,0
DA:628,0
DA:630,0
DA:633,0
DA:636,0
DA:637,0
DA:638,0
DA:642,0
DA:648,0
DA:650,0
DA:652,0
DA:655,0
DA:658,0
DA:664,0
DA:666,0
DA:668,0
DA:671,0
DA:674,0
DA:680,0
DA:682,0
DA:684,0
DA:687,0
DA:690,0
DA:706,0
DA:708,0
DA:709,0
DA:711,0
DA:712,0
DA:714,0
DA:715,0
DA:718,0
DA:726,0
DA:728,0
DA:729,0
DA:731,0
DA:734,0
DA:736,0
DA:739,0
DA:744,0
DA:746,0
DA:747,0
DA:752,0
DA:759,0
DA:761,0
DA:768,0
DA:770,0
DA:772,0
DA:774,0
DA:780,0
DA:781,0
DA:787,0
DA:788,0
DA:794,0
DA:795,0
DA:801,0
DA:802,0
DA:808,0
DA:809,0
DA:815,0
DA:816,0
DA:823,0
DA:825,0
DA:827,0
DA:828,0
DA:830,0
DA:835,0
DA:837,0
DA:839,0
DA:840,0
DA:843,0
DA:849,0
DA:851,0
DA:853,0
DA:854,0
DA:856,0
DA:859,0
DA:865,0
DA:867,0
DA:869,0
DA:870,0
DA:873,0
DA:879,0
DA:881,0
DA:882,0
DA:885,0
DA:891,0
DA:892,0
DA:898,0
DA:900,0
DA:902,0
DA:903,0
DA:906,0
DA:912,0
DA:914,0
DA:916,0
DA:917,0
DA:920,0
DA:926,0
DA:927,0
DA:934,0
DA:935,0
DA:936,0
DA:941,0
DA:943,0
DA:945,0
DA:946,0
DA:949,0
DA:955,0
DA:957,0
DA:959,0
DA:960,0
DA:962,0
DA:965,0
DA:971,0
DA:973,0
DA:975,0
DA:976,0
DA:979,0
DA:985,0
DA:987,0
DA:988,0
DA:991,0
DA:997,0
DA:999,0
DA:1003,0
DA:1009,0
DA:1011,0
DA:1015,0
DA:1026,0
DA:1028,0
DA:1031,0
DA:1034,0
DA:1035,0
DA:1036,0
DA:1039,0
DA:1040,0
DA:1041,0
DA:1044,0
DA:1046,0
DA:1049,0
DA:1050,0
DA:1059,0
DA:1064,0
DA:1067,0
DA:1071,0
DA:1082,0
DA:1083,0
DA:1089,0
DA:1090,0
DA:1096,0
DA:1097,0
DA:1103,0
DA:1104,0
DA:1393,0
DA:1395,0
DA:1401,0
DA:1403,0
DA:1409,416
DA:1411,416
DA:1413,416
DA:1421,442
DA:1426,442
DA:1429,0
DA:1433,442
DA:1435,442
DA:1438,4
DA:1443,438
DA:1451,416
DA:1453,416
DA:1454,416
DA:1458,416
DA:1459,0
DA:1464,416
DA:1465,0
DA:1468,416
DA:1475,416
DA:1476,416
DA:1482,36
DA:1483,36
DA:1489,36
DA:1490,36
DA:1496,0
DA:1497,0
DA:1503,0
DA:1504,0
DA:1510,0
DA:1511,0
DA:1517,0
DA:1519,0
DA:1520,0
DA:1522,0
DA:1528,0
DA:1530,0
DA:1532,0
DA:1533,0
DA:1535,0
DA:1542,0
DA:1544,0
DA:1546,0
DA:1547,0
DA:1549,0
DA:1556,0
DA:1558,0
DA:1559,0
DA:1561,0
DA:1568,444
DA:1570,444
DA:1572,444
DA:1573,442
DA:1576,444
DA:1582,221
DA:1584,221
DA:1585,221
DA:1586,221
DA:1589,221
DA:1590,221
DA:1594,221
DA:1595,221
DA:1600,0
DA:1602,0
DA:1603,0
DA:1605,0
DA:1611,444
DA:1613,444
DA:1614,444
DA:1615,444
DA:1617,444
DA:1628,0
DA:1629,0
DA:1635,0
DA:1636,0
DA:1642,0
DA:1644,0
DA:1645,0
DA:1646,0
DA:1647,0
DA:1649,0
DA:1652,0
DA:1654,0
DA:1657,0
DA:1663,0
DA:1665,0
DA:1666,0
DA:1667,0
DA:1668,0
DA:1670,0
DA:1673,0
DA:1676,0
DA:1678,0
DA:1681,0
DA:1687,0
DA:1689,0
DA:1690,0
DA:1691,0
DA:1692,0
DA:1694,0
DA:1697,0
DA:1699,0
DA:1702,0
DA:1708,0
DA:1710,0
DA:1711,0
DA:1712,0
DA:1713,0
DA:1715,0
DA:1718,0
DA:1721,0
DA:1723,0
DA:1726,0
DA:1732,696
DA:1737,696
DA:1739,696
DA:1743,0
DA:1745,696
DA:1747,0
DA:1749,0
DA:1750,0
DA:1752,0
DA:1757,696
DA:1764,416
DA:1768,416
DA:1774,280
DA:1778,280
DA:1784,0
DA:1785,0
DA:1791,0
DA:1792,0
DA:1798,416
DA:1804,416
DA:1805,0
DA:1806,416
DA:1807,0
DA:1809,416
DA:1816,280
DA:1821,280
DA:1822,0
DA:1824,280
DA:1836,2
DA:1838,2
DA:1839,2
DA:1843,2
DA:1844,2
DA:1849,0
DA:1853,0
DA:1902,2
DA:1904,2
DA:1905,2
DA:1908,2
DA:1911,2
DA:1912,2
DA:1915,2
DA:1918,2
DA:1921,2
DA:1924,2
DA:1927,2
DA:1928,2
DA:1933,1
DA:1935,1
DA:1936,1
DA:1937,1
DA:1938,1
DA:1941,1
DA:1942,0
DA:1946,1
DA:1947,0
DA:1948,1
DA:1949,0
DA:1953,1
DA:1954,1
DA:1956,1
DA:1957,1
DA:1961,1
DA:1962,1
DA:1967,3
DA:1969,3
DA:1971,3
DA:1977,9
DA:1979,9
DA:1981,9
DA:1987,1
DA:1989,1
DA:1990,1
DA:1991,1
DA:1999,1
DA:2002,1
DA:2005,222
DA:2006,221
DA:2013,1
DA:2019,1
DA:2020,1
DA:2021,1
DA:2022,1
DA:2028,1
DA:2029,1
DA:2036,1
DA:2037,1
DA:2040,1
DA:2041,1
DA:2044,1
DA:2047,1
DA:2048,1
DA:2049,1
DA:2050,1
DA:2051,1
DA:2052,1
DA:2053,1
DA:2056,1
DA:2057,1
DA:2062,1
DA:2063,1
DA:2067,1
DA:2068,0
DA:2069,0
DA:2073,1
DA:2074,0
DA:2083,1
DA:2084,1
DA:2085,1
DA:2086,1
DA:2093,1
DA:2094,1
DA:2097,1
DA:2099,1
DA:2100,1
DA:2105,1
DA:2107,1
DA:2108,2
DA:2109,2
DA:2110,2
DA:2112,1
DA:2117,1
DA:2119,1
DA:2120,1
DA:2125,1
DA:2127,1
DA:2128,2
DA:2129,2
DA:2130,1
DA:2135,1
DA:2137,1
DA:2138,1
DA:2143,1
DA:2145,1
DA:2146,2
DA:2147,2
DA:2148,1
DA:2157,1
DA:2160,1
DA:2161,1
DA:2162,1
DA:2163,1
DA:2169,1
DA:2170,0
DA:2171,0
DA:2179,1
DA:2180,1
DA:2181,1
DA:2184,1
DA:2187,1
DA:2188,1
DA:2189,1
DA:2192,1
DA:2199,1
DA:2200,1
DA:2203,1
DA:2204,1
DA:2205,1
DA:2206,1
DA:2207,1
DA:2208,1
DA:2214,1
DA:2218,1
DA:2219,1
DA:2221,1
DA:2222,1
DA:2224,1
DA:2225,1
DA:2229,1
DA:2230,1
DA:2239,1
DA:2240,0
DA:2242,1
DA:2247,1
DA:2250,1
DA:2253,1
DA:2254,1
DA:2264,0
DA:2266,0
DA:2268,0
DA:2279,0
DA:2281,0
DA:2282,0
DA:2283,0
DA:2284,0
DA:2285,0
DA:2287,0
DA:2290,0
DA:2293,0
DA:2296,0
DA:2299,0
DA:2300,0
DA:2301,0
DA:2304,0
DA:2305,0
DA:2307,0
DA:2311,0
DA:2313,0
DA:2315,0
DA:2316,0
DA:2318,0
DA:2322,0
DA:2327,0
DA:2328,0
DA:2330,0
DA:2334,0
DA:2340,0
DA:2342,0
DA:2343,0
DA:2344,0
DA:2345,0
DA:2346,0
DA:2348,0
DA:2353,0
DA:2354,0
DA:2356,0
DA:2360,0
DA:2363,0
DA:2365,0
DA:2368,0
DA:2369,0
DA:2370,0
DA:2372,0
DA:2375,0
DA:2378,0
DA:2379,0
DA:2381,0
DA:2384,0
DA:2386,0
DA:2387,0
DA:2389,0
DA:2394,0
DA:2396,0
DA:2398,0
DA:2399,0
DA:2401,0
DA:2405,0
DA:2408,0
DA:2419,0
DA:2421,0
DA:2423,0
DA:2425,0
DA:2427,0
DA:2433,0
DA:2438,0
DA:2440,0
DA:2441,0
DA:2442,0
DA:2443,0
DA:2445,0
DA:2451,0
DA:2457,0
DA:2458,0
DA:2459,0
DA:2462,0
DA:2465,0
DA:2466,0
DA:2468,0
DA:2471,0
DA:2472,0
DA:2474,0
DA:2477,0
DA:2478,0
DA:2480,0
DA:2483,0
DA:2484,0
DA:2489,0
DA:2496,0
DA:2502,0
DA:2503,0
DA:2504,0
DA:2505,0
DA:2508,0
DA:2510,0
DA:2514,0
DA:2515,0
DA:2519,0
DA:2520,0
DA:2521,0
DA:2522,0
DA:2524,0
DA:2527,0
DA:2528,0
DA:2533,0
DA:2535,0
DA:2540,0
DA:2546,0
DA:2547,0
DA:2548,0
DA:2549,0
DA:2550,0
DA:2553,0
DA:2555,0
DA:2559,0
DA:2560,0
DA:2565,0
DA:2566,0
DA:2567,0
DA:2568,0
DA:2571,0
DA:2572,0
DA:2575,0
DA:2578,0
DA:2580,0
DA:2583,0
DA:2585,0
DA:2588,0
DA:2591,0
DA:2592,0
DA:2593,0
DA:2597,0
DA:2609,418
DA:2611,418
DA:2612,418
DA:2613,418
DA:2615,418
DA:2617,442
DA:2620,416
DA:2621,416
DA:2622,416
DA:2623,416
DA:2626,416
DA:2627,832
DA:2628,416
DA:2632,416
DA:2633,696
DA:2634,316
DA:2635,488
DA:2636,36
DA:2640,416
DA:2642,416
DA:2646,2
DA:2657,0
DA:2662,0
DA:2666,0
DA:2670,0
DA:2674,0
DA:2675,0
DA:2676,0
DA:2680,0
DA:2687,0
DA:2692,0
DA:2697,0
DA:2701,0
DA:2705,0
DA:2709,0
DA:2710,0
DA:2711,0
DA:2715,0
DA:2722,0
LF:807
LH:214
end_of_record
SF:../../../../../../ImperasLib/source/riscv.ovpworld.org/processor/riscv/1.0/model/riscvStructure.h
FN:223,getCurrentMode
FN:230,getASIDMask
FNDA:0,getCurrentMode
FNDA:0,getASIDMask
FNF:2
FNH:0
DA:223,0
DA:224,0
DA:230,0
DA:231,0
LF:4
LH:0
end_of_record
TN:
SF:../../../../../../ImperasLib/source/riscv.ovpworld.org/processor/riscv/1.0/model/riscvSemiHost.c
FN:34,riscvIntReturn
FN:42,riscvIntResult
FNDA:5,riscvIntReturn
FNDA:0,riscvIntResult
FNF:2
FNH:1
DA:34,5
DA:35,5
DA:36,5
DA:42,0
DA:43,0
DA:44,0
LF:6
LH:3
end_of_record
TN:
SF:../../../../../../ImperasLib/source/riscv.ovpworld.org/processor/riscv/1.0/model/riscvBus.c
FN:45,newBusPort
FN:82,riscvNewRootBusPorts
FN:116,riscvNewLeafBusPorts
FN:138,riscvFreeBusPorts
FN:154,riscvBusPortSpecs
FN:171,riscvGetExternalCSRDomain
FNDA:2,newBusPort
FNDA:1,riscvNewRootBusPorts
FNDA:1,riscvNewLeafBusPorts
FNDA:1,riscvFreeBusPorts
FNDA:3,riscvBusPortSpecs
FNDA:696,riscvGetExternalCSRDomain
FNF:6
FNH:6
DA:45,2
DA:56,2
DA:57,2
DA:58,2
DA:61,2
DA:62,2
DA:63,2
DA:64,2
DA:65,2
DA:66,2
DA:67,2
DA:68,2
DA:71,2
DA:72,2
DA:73,2
DA:76,2
DA:82,1
DA:84,1
DA:85,1
DA:86,1
DA:87,1
DA:88,1
DA:91,1
DA:102,1
DA:111,1
DA:116,1
DA:118,1
DA:122,1
DA:123,0
DA:133,1
DA:138,1
DA:140,1
DA:143,4
DA:144,2
DA:145,2
DA:148,1
DA:149,1
DA:154,3
DA:156,3
DA:159,3
DA:160,1
DA:162,2
DA:165,3
DA:171,696
DA:173,696
DA:175,696
LF:46
LH:45
end_of_record
TN:
SF:../../../../../../ImperasLib/source/riscv.ovpworld.org/processor/riscv/1.0/model/riscvParameters.c
FN:121,setEnumParamDefault
FN:129,setBoolParamDefault
FN:137,setUns32ParamDefault
FN:145,setUns64ParamDefault
FN:185,default_user_version
FN:186,default_priv_version
FN:191,default_updatePTEA
FN:192,default_updatePTED
FN:193,default_unaligned
FN:194,default_wfi_is_nop
FN:195,default_mtvec_is_ro
FN:196,default_tval_ii_code
FN:197,default_cycle_undefined
FN:198,default_time_undefined
FN:199,default_instret_undefined
FN:200,default_enable_CSR_bus
FN:201,default_d_requires_f
FN:202,default_fs_always_dirty
FN:207,default_numHarts
FN:208,default_tvec_align
FN:209,default_ASID_bits
FN:210,default_PMP_grain
FN:211,default_PMP_registers
FN:212,default_local_int_num
FN:217,default_reset_address
FN:218,default_nmi_address
FN:223,default_Sv_modes
FN:241,default_lr_sc_grain
FN:249,default_misa_MXL
FN:257,default_misa_Extensions
FN:265,default_misa_Extensions_mask
FN:285,default_mvendorid
FN:286,default_marchid
FN:287,default_mimpid
FN:288,default_mhartid
FN:289,default_mtvec
FN:302,default_mtvec_mask
FN:303,default_stvec_mask
FN:304,default_utvec_mask
FN:364,getParent
FN:371,selectConfig
FN:378,selectParameter
FN:425,countVariants
FN:440,countParameters
FN:459,getSelectedConfig
FN:479,createVariantList
FN:511,createParameterList
FN:555,refineVariant
FN:578,riscvGetParamSpec
FN:589,riscvParamValueSize
FN:618,riscvFreeParameters
FN:632,riscvGetNamedConfig
FN:639,riscvGetPrivVersionDesc
FN:646,riscvGetUserVersionDesc
FNDA:2,setEnumParamDefault
FNDA:10,setBoolParamDefault
FNDA:9,setUns32ParamDefault
FNDA:9,setUns64ParamDefault
FNDA:1,default_user_version
FNDA:1,default_priv_version
FNDA:1,default_updatePTEA
FNDA:1,default_updatePTED
FNDA:1,default_unaligned
FNDA:1,default_wfi_is_nop
FNDA:1,default_mtvec_is_ro
FNDA:1,default_tval_ii_code
FNDA:1,default_cycle_undefined
FNDA:1,default_time_undefined
FNDA:1,default_instret_undefined
FNDA:1,default_enable_CSR_bus
FNDA:0,default_d_requires_f
FNDA:0,default_fs_always_dirty
FNDA:0,default_numHarts
FNDA:1,default_tvec_align
FNDA:1,default_ASID_bits
FNDA:1,default_PMP_grain
FNDA:1,default_PMP_registers
FNDA:1,default_local_int_num
FNDA:1,default_reset_address
FNDA:1,default_nmi_address
FNDA:1,default_Sv_modes
FNDA:0,default_lr_sc_grain
FNDA:1,default_misa_MXL
FNDA:1,default_misa_Extensions
FNDA:1,default_misa_Extensions_mask
FNDA:1,default_mvendorid
FNDA:1,default_marchid
FNDA:1,default_mimpid
FNDA:1,default_mhartid
FNDA:1,default_mtvec
FNDA:1,default_mtvec_mask
FNDA:1,default_stvec_mask
FNDA:0,default_utvec_mask
FNDA:2,getParent
FNDA:16,selectConfig
FNDA:80,selectParameter
FNDA:1,countVariants
FNDA:1,countParameters
FNDA:1,getSelectedConfig
FNDA:1,createVariantList
FNDA:1,createParameterList
FNDA:1,refineVariant
FNDA:35,riscvGetParamSpec
FNDA:1,riscvParamValueSize
FNDA:1,riscvFreeParameters
FNDA:0,riscvGetNamedConfig
FNDA:1,riscvGetPrivVersionDesc
FNDA:1,riscvGetUserVersionDesc
FNF:54
FNH:48
DA:121,2
DA:122,2
DA:123,2
DA:124,2
DA:129,10
DA:130,10
DA:131,10
DA:132,10
DA:137,9
DA:138,9
DA:139,9
DA:140,9
DA:145,9
DA:146,9
DA:147,9
DA:148,9
DA:185,1
DA:186,1
DA:191,1
DA:192,1
DA:193,1
DA:194,1
DA:195,1
DA:196,1
DA:197,1
DA:198,1
DA:199,1
DA:200,1
DA:201,0
DA:202,0
DA:207,0
DA:208,1
DA:209,1
DA:210,1
DA:211,1
DA:212,1
DA:217,1
DA:218,1
DA:223,1
DA:225,1
DA:227,1
DA:229,1
DA:230,0
DA:232,1
DA:235,1
DA:236,1
DA:241,0
DA:243,0
DA:244,0
DA:249,1
DA:251,1
DA:252,1
DA:257,1
DA:259,1
DA:260,1
DA:265,1
DA:268,1
DA:271,1
DA:272,1
DA:285,1
DA:286,1
DA:287,1
DA:288,1
DA:289,1
DA:302,1
DA:303,1
DA:304,0
DA:364,2
DA:365,2
DA:371,16
DA:372,16
DA:378,80
DA:380,80
DA:382,80
DA:385,80
DA:386,0
DA:391,80
DA:392,6
DA:397,74
DA:398,2
DA:403,72
DA:404,0
DA:409,72
DA:410,2
DA:414,70
DA:415,2
DA:419,68
DA:425,1
DA:427,1
DA:429,18
DA:430,16
DA:431,16
DA:434,1
DA:440,1
DA:442,1
DA:444,42
DA:446,40
DA:447,34
DA:450,40
DA:453,1
DA:459,1
DA:461,1
DA:464,1
DA:465,2
DA:466,2
DA:467,1
DA:472,1
DA:479,1
DA:481,1
DA:487,1
DA:490,1
DA:493,17
DA:495,16
DA:497,16
DA:498,16
DA:500,16
DA:505,1
DA:511,1
DA:516,1
DA:522,1
DA:525,1
DA:528,41
DA:530,40
DA:532,34
DA:535,34
DA:536,1
DA:540,34
DA:541,30
DA:544,34
DA:549,1
DA:555,1
DA:557,1
DA:561,2
DA:563,0
DA:564,0
DA:565,0
DA:567,0
DA:572,1
DA:578,35
DA:580,35
DA:581,35
DA:583,35
DA:589,1
DA:591,1
DA:592,1
DA:594,1
DA:597,0
DA:602,1
DA:605,1
DA:606,1
DA:608,1
DA:609,1
DA:611,1
DA:618,1
DA:620,1
DA:621,1
DA:624,1
DA:625,1
DA:627,1
DA:632,0
DA:633,0
DA:639,1
DA:640,1
DA:646,1
DA:647,1
LF:165
LH:148
end_of_record
TN:
SF:../../../../../../ImperasLib/source/riscv.ovpworld.org/processor/riscv/1.0/model/riscvDoc.c
FN:47,getChild
FN:54,fillSvMode
FN:68,fillSvModes
FN:95,riscvDoc
FNDA:1,getChild
FNDA:2,fillSvMode
FNDA:1,fillSvModes
FNDA:1,riscvDoc
FNF:4
FNH:4
DA:47,1
DA:48,1
DA:54,2
DA:56,2
DA:58,5
DA:59,1
DA:62,2
DA:63,2
DA:68,1
DA:70,1
DA:73,4
DA:77,2
DA:79,2
DA:80,1
DA:82,1
DA:85,2
DA:86,2
DA:88,2
DA:90,1
DA:95,1
DA:97,1
DA:98,1
DA:99,1
DA:100,1
DA:101,1
DA:105,1
DA:106,0
DA:107,0
DA:115,1
DA:117,1
DA:123,1
DA:131,1
DA:133,1
DA:144,1
DA:145,1
DA:147,1
DA:153,7
DA:155,5
DA:156,5
DA:158,5
DA:159,5
DA:161,0
DA:162,0
DA:165,5
DA:168,1
DA:178,1
DA:179,0
DA:186,0
DA:190,1
DA:193,0
DA:203,1
DA:211,3
DA:220,2
DA:222,1
DA:224,1
DA:228,2
DA:232,2
DA:234,1
DA:237,1
DA:239,2
DA:247,2
DA:250,1
DA:254,1
DA:256,0
DA:264,0
DA:267,0
DA:271,1
DA:278,1
DA:281,1
DA:288,1
DA:291,1
DA:292,0
DA:301,1
DA:312,1
DA:313,0
DA:321,1
DA:331,1
DA:332,0
DA:340,1
DA:352,1
DA:353,0
DA:361,1
DA:371,1
DA:375,1
DA:381,1
DA:383,1
DA:384,1
DA:391,1
DA:395,1
DA:396,0
DA:402,1
DA:410,1
DA:412,1
DA:414,1
DA:427,1
DA:431,0
DA:440,1
DA:441,0
DA:448,0
DA:452,1
DA:455,0
DA:464,0
DA:466,0
DA:467,0
DA:474,0
DA:484,0
DA:486,0
DA:499,0
DA:519,1
DA:521,1
DA:530,1
DA:538,1
DA:549,1
DA:551,1
DA:561,1
DA:566,1
DA:569,1
DA:574,1
DA:576,1
DA:588,1
DA:590,1
DA:596,1
DA:600,1
DA:612,1
DA:614,0
DA:618,0
DA:632,1
DA:634,1
DA:643,1
DA:652,1
DA:659,1
DA:660,0
DA:667,1
DA:673,1
DA:674,1
DA:684,1
DA:685,0
DA:694,1
DA:696,1
DA:709,1
DA:710,1
DA:712,1
DA:717,1
DA:723,1
DA:726,1
DA:732,1
DA:734,1
DA:738,0
DA:739,0
DA:744,1
DA:745,1
LF:151
LH:119
end_of_record
TN:
SF:../../../../../../ImperasLib/source/riscv.ovpworld.org/processor/riscv/1.0/model/riscvInfo.c
FN:29,riscvProcInfo
FNDA:8,riscvProcInfo
FNF:1
FNH:1
DA:29,8
DA:31,8
DA:83,8
LF:3
LH:3
end_of_record
TN:
SF:../../../../../../ImperasLib/source/riscv.ovpworld.org/processor/riscv/1.0/model/riscvSoftFloat.c
FN:527,softfloat_commonNaNToExtF80M
FN:579,softfloat_commonNaNToF128M
FN:625,softfloat_shortShiftRightJam64
FN:643,softfloat_shiftRightJam32
FN:664,softfloat_shiftRightJam64
FN:687,softfloat_countLeadingZeros16
FN:708,softfloat_countLeadingZeros32
FN:1228,softfloat_shortShiftLeft64To96M
FN:2001,softfloat_raiseFlags
FN:2072,softfloat_countLeadingZeros64
FN:2154,softfloat_propagateNaNF32UI
FN:2177,softfloat_propagateNaNF64UI
FN:2194,softfloat_roundPackToF32
FN:2275,softfloat_roundPackToF64
FN:2360,softfloat_normRoundPackToF32
FN:2385,softfloat_normRoundPackToF64
FN:2409,softfloat_addMagsF32
FN:2502,softfloat_addMagsF64
FN:2595,softfloat_subMagsF32
FN:2704,softfloat_subMagsF64
FN:2809,softfloat_normSubnormalF32Sig
FN:2829,softfloat_normSubnormalF64Sig
FN:2870,softfloat_approxRecip32_1
FN:2918,softfloat_mul64To128M
FN:2967,softfloat_approxRecipSqrt32_1
FN:3171,softfloat_addM
FN:3205,softfloat_subM
FN:3238,softfloat_negXM
FN:3266,softfloat_shortShiftLeftM
FN:3300,softfloat_shortShiftRightM
FN:3334,softfloat_shortShiftRightJamM
FN:3370,softfloat_shiftLeftM
FN:3423,softfloat_shiftRightJamM
FN:3486,softfloat_mulAddF32
FN:3877,softfloat_mulAddF64
FN:4136,softfloat_roundMToI64
FN:4203,softfloat_roundMToUI64
FN:4266,softfloat_roundToI32
FN:4329,softfloat_roundToI64
FN:4395,softfloat_roundToUI32
FN:4453,softfloat_roundToUI64
FN:4544,f32_add
FN:4580,f64_add
FN:4620,f32_sub
FN:4656,f64_sub
FN:4696,f32_mul
FN:4798,f64_mul
FN:4913,f32_div
FN:5058,f64_div
FN:5195,f32_sqrt
FN:5281,f64_sqrt
FN:5379,f32_mulAdd
FN:5406,f64_mulAdd
FN:5433,f64_to_f32
FN:5486,i32_to_f32
FN:5510,i64_to_f32
FN:5546,ui32_to_f32
FN:5570,ui64_to_f32
FN:5601,i64_to_f64
FN:5625,ui64_to_f64
FN:5651,f32_to_i32
FN:5700,f32_to_i64
FN:5761,f32_to_ui32
FN:5810,f32_to_ui64
FN:5871,f64_to_i32
FN:5918,f64_to_i64
FN:5986,f64_to_ui32
FN:6033,f64_to_ui64
FN:6104,beforeFPInt
FN:6128,beforeFP
FN:6138,beforeFPCVT
FN:6158,afterFP
FN:6165,riscvFADD32
FN:6180,riscvFADD64
FN:6195,riscvFSUB32
FN:6210,riscvFSUB64
FN:6225,riscvFMUL32
FN:6240,riscvFMUL64
FN:6255,riscvFDIV32
FN:6270,riscvFDIV64
FN:6285,riscvFSQRT32
FN:6299,riscvFSQRT64
FN:6313,riscvFMADD32
FN:6329,riscvFMADD64
FN:6345,riscvFMSUB32
FN:6361,riscvFMSUB64
FN:6377,riscvFNMADD32
FN:6393,riscvFNMADD64
FN:6409,riscvFNMSUB32
FN:6425,riscvFNMSUB64
FN:6441,riscvFCVTF32F64
FN:6456,riscvFCVTF32I32
FN:6471,riscvFCVTF32I64
FN:6486,riscvFCVTF32U32
FN:6501,riscvFCVTF32U64
FN:6516,riscvFCVTF64I64
FN:6531,riscvFCVTF64U64
FN:6546,riscvFCVTI32F32
FN:6561,riscvFCVTI64F32
FN:6576,riscvFCVTU32F32
FN:6591,riscvFCVTU64F32
FN:6606,riscvFCVTI32F64
FN:6621,riscvFCVTI64F64
FN:6636,riscvFCVTU32F64
FN:6651,riscvFCVTU64F64
FNDA:0,softfloat_commonNaNToExtF80M
FNDA:0,softfloat_commonNaNToF128M
FNDA:0,softfloat_shortShiftRightJam64
FNDA:0,softfloat_shiftRightJam32
FNDA:0,softfloat_shiftRightJam64
FNDA:0,softfloat_countLeadingZeros16
FNDA:0,softfloat_countLeadingZeros32
FNDA:0,softfloat_shortShiftLeft64To96M
FNDA:0,softfloat_raiseFlags
FNDA:0,softfloat_countLeadingZeros64
FNDA:0,softfloat_propagateNaNF32UI
FNDA:0,softfloat_propagateNaNF64UI
FNDA:0,softfloat_roundPackToF32
FNDA:0,softfloat_roundPackToF64
FNDA:0,softfloat_normRoundPackToF32
FNDA:0,softfloat_normRoundPackToF64
FNDA:0,softfloat_addMagsF32
FNDA:0,softfloat_addMagsF64
FNDA:0,softfloat_subMagsF32
FNDA:0,softfloat_subMagsF64
FNDA:0,softfloat_normSubnormalF32Sig
FNDA:0,softfloat_normSubnormalF64Sig
FNDA:0,softfloat_approxRecip32_1
FNDA:0,softfloat_mul64To128M
FNDA:0,softfloat_approxRecipSqrt32_1
FNDA:0,softfloat_addM
FNDA:0,softfloat_subM
FNDA:0,softfloat_negXM
FNDA:0,softfloat_shortShiftLeftM
FNDA:0,softfloat_shortShiftRightM
FNDA:0,softfloat_shortShiftRightJamM
FNDA:0,softfloat_shiftLeftM
FNDA:0,softfloat_shiftRightJamM
FNDA:0,softfloat_mulAddF32
FNDA:0,softfloat_mulAddF64
FNDA:0,softfloat_roundMToI64
FNDA:0,softfloat_roundMToUI64
FNDA:0,softfloat_roundToI32
FNDA:0,softfloat_roundToI64
FNDA:0,softfloat_roundToUI32
FNDA:0,softfloat_roundToUI64
FNDA:0,f32_add
FNDA:0,f64_add
FNDA:0,f32_sub
FNDA:0,f64_sub
FNDA:0,f32_mul
FNDA:0,f64_mul
FNDA:0,f32_div
FNDA:0,f64_div
FNDA:0,f32_sqrt
FNDA:0,f64_sqrt
FNDA:0,f32_mulAdd
FNDA:0,f64_mulAdd
FNDA:0,f64_to_f32
FNDA:0,i32_to_f32
FNDA:0,i64_to_f32
FNDA:0,ui32_to_f32
FNDA:0,ui64_to_f32
FNDA:0,i64_to_f64
FNDA:0,ui64_to_f64
FNDA:0,f32_to_i32
FNDA:0,f32_to_i64
FNDA:0,f32_to_ui32
FNDA:0,f32_to_ui64
FNDA:0,f64_to_i32
FNDA:0,f64_to_i64
FNDA:0,f64_to_ui32
FNDA:0,f64_to_ui64
FNDA:0,beforeFPInt
FNDA:0,beforeFP
FNDA:0,beforeFPCVT
FNDA:0,afterFP
FNDA:0,riscvFADD32
FNDA:0,riscvFADD64
FNDA:0,riscvFSUB32
FNDA:0,riscvFSUB64
FNDA:0,riscvFMUL32
FNDA:0,riscvFMUL64
FNDA:0,riscvFDIV32
FNDA:0,riscvFDIV64
FNDA:0,riscvFSQRT32
FNDA:0,riscvFSQRT64
FNDA:0,riscvFMADD32
FNDA:0,riscvFMADD64
FNDA:0,riscvFMSUB32
FNDA:0,riscvFMSUB64
FNDA:0,riscvFNMADD32
FNDA:0,riscvFNMADD64
FNDA:0,riscvFNMSUB32
FNDA:0,riscvFNMSUB64
FNDA:0,riscvFCVTF32F64
FNDA:0,riscvFCVTF32I32
FNDA:0,riscvFCVTF32I64
FNDA:0,riscvFCVTF32U32
FNDA:0,riscvFCVTF32U64
FNDA:0,riscvFCVTF64I64
FNDA:0,riscvFCVTF64U64
FNDA:0,riscvFCVTI32F32
FNDA:0,riscvFCVTI64F32
FNDA:0,riscvFCVTU32F32
FNDA:0,riscvFCVTU64F32
FNDA:0,riscvFCVTI32F64
FNDA:0,riscvFCVTI64F64
FNDA:0,riscvFCVTU32F64
FNDA:0,riscvFCVTU64F64
FNF:105
FNH:0
DA:527,0
DA:530,0
DA:531,0
DA:532,0
DA:579,0
DA:581,0
DA:582,0
DA:583,0
DA:584,0
DA:585,0
DA:625,0
DA:626,0
DA:643,0
DA:645,0
DA:646,0
DA:664,0
DA:666,0
DA:667,0
DA:687,0
DA:689,0
DA:690,0
DA:691,0
DA:692,0
DA:694,0
DA:695,0
DA:708,0
DA:710,0
DA:711,0
DA:712,0
DA:713,0
DA:715,0
DA:716,0
DA:717,0
DA:719,0
DA:720,0
DA:1228,0
DA:1231,0
DA:1232,0
DA:1233,0
DA:1234,0
DA:1235,0
DA:2001,0
DA:2004,0
DA:2006,0
DA:2072,0
DA:2077,0
DA:2078,0
DA:2079,0
DA:2080,0
DA:2081,0
DA:2086,0
DA:2087,0
DA:2088,0
DA:2090,0
DA:2091,0
DA:2092,0
DA:2094,0
DA:2095,0
DA:2154,0
DA:2156,0
DA:2157,0
DA:2159,0
DA:2177,0
DA:2179,0
DA:2180,0
DA:2182,0
DA:2194,0
DA:2205,0
DA:2206,0
DA:2207,0
DA:2208,0
DA:2209,0
DA:2211,0
DA:2215,0
DA:2218,0
DA:2219,0
DA:2222,0
DA:2223,0
DA:2224,0
DA:2225,0
DA:2226,0
DA:2227,0
DA:2228,0
DA:2229,0
DA:2231,0
DA:2234,0
DA:2236,0
DA:2237,0
DA:2242,0
DA:2243,0
DA:2244,0
DA:2252,0
DA:2253,0
DA:2259,0
DA:2261,0
DA:2262,0
DA:2275,0
DA:2286,0
DA:2287,0
DA:2288,0
DA:2289,0
DA:2290,0
DA:2292,0
DA:2296,0
DA:2299,0
DA:2300,0
DA:2303,0
DA:2304,0
DA:2305,0
DA:2306,0
DA:2307,0
DA:2308,0
DA:2309,0
DA:2310,0
DA:2311,0
DA:2313,0
DA:2315,0
DA:2319,0
DA:2321,0
DA:2322,0
DA:2327,0
DA:2328,0
DA:2329,0
DA:2337,0
DA:2338,0
DA:2344,0
DA:2346,0
DA:2347,0
DA:2360,0
DA:2365,0
DA:2366,0
DA:2367,0
DA:2368,0
DA:2369,0
DA:2371,0
DA:2385,0
DA:2390,0
DA:2391,0
DA:2392,0
DA:2393,0
DA:2394,0
DA:2396,0
DA:2409,0
DA:2424,0
DA:2425,0
DA:2426,0
DA:2427,0
DA:2430,0
DA:2431,0
DA:2434,0
DA:2435,0
DA:2436,0
DA:2438,0
DA:2439,0
DA:2440,0
DA:2441,0
DA:2443,0
DA:2444,0
DA:2445,0
DA:2446,0
DA:2447,0
DA:2448,0
DA:2450,0
DA:2454,0
DA:2455,0
DA:2456,0
DA:2457,0
DA:2458,0
DA:2459,0
DA:2460,0
DA:2461,0
DA:2463,0
DA:2464,0
DA:2465,0
DA:2467,0
DA:2468,0
DA:2469,0
DA:2470,0
DA:2472,0
DA:2473,0
DA:2474,0
DA:2476,0
DA:2477,0
DA:2478,0
DA:2479,0
DA:2482,0
DA:2486,0
DA:2488,0
DA:2489,0
DA:2502,0
DA:2516,0
DA:2517,0
DA:2518,0
DA:2519,0
DA:2522,0
DA:2523,0
DA:2526,0
DA:2527,0
DA:2528,0
DA:2530,0
DA:2531,0
DA:2532,0
DA:2533,0
DA:2535,0
DA:2536,0
DA:2537,0
DA:2541,0
DA:2542,0
DA:2543,0
DA:2544,0
DA:2545,0
DA:2546,0
DA:2547,0
DA:2549,0
DA:2550,0
DA:2551,0
DA:2553,0
DA:2555,0
DA:2557,0
DA:2558,0
DA:2559,0
DA:2560,0
DA:2562,0
DA:2563,0
DA:2564,0
DA:2566,0
DA:2568,0
DA:2570,0
DA:2571,0
DA:2572,0
DA:2573,0
DA:2576,0
DA:2580,0
DA:2582,0
DA:2583,0
DA:2595,0
DA:2612,0
DA:2613,0
DA:2614,0
DA:2615,0
DA:2618,0
DA:2619,0
DA:2622,0
DA:2623,0
DA:2624,0
DA:2625,0
DA:2626,0
DA:2628,0
DA:2629,0
DA:2630,0
DA:2631,0
DA:2633,0
DA:2635,0
DA:2636,0
DA:2637,0
DA:2638,0
DA:2639,0
DA:2641,0
DA:2642,0
DA:2643,0
DA:2644,0
DA:2645,0
DA:2647,0
DA:2648,0
DA:2652,0
DA:2653,0
DA:2654,0
DA:2655,0
DA:2658,0
DA:2659,0
DA:2660,0
DA:2661,0
DA:2662,0
DA:2664,0
DA:2665,0
DA:2666,0
DA:2667,0
DA:2671,0
DA:2672,0
DA:2673,0
DA:2674,0
DA:2676,0
DA:2677,0
DA:2678,0
DA:2680,0
DA:2681,0
DA:2682,0
DA:2688,0
DA:2690,0
DA:2691,0
DA:2704,0
DA:2720,0
DA:2721,0
DA:2722,0
DA:2723,0
DA:2726,0
DA:2727,0
DA:2730,0
DA:2731,0
DA:2732,0
DA:2733,0
DA:2734,0
DA:2736,0
DA:2737,0
DA:2738,0
DA:2739,0
DA:2741,0
DA:2743,0
DA:2744,0
DA:2745,0
DA:2746,0
DA:2748,0
DA:2749,0
DA:2750,0
DA:2751,0
DA:2752,0
DA:2754,0
DA:2755,0
DA:2759,0
DA:2760,0
DA:2761,0
DA:2764,0
DA:2765,0
DA:2766,0
DA:2767,0
DA:2768,0
DA:2770,0
DA:2771,0
DA:2772,0
DA:2773,0
DA:2774,0
DA:2778,0
DA:2779,0
DA:2780,0
DA:2781,0
DA:2783,0
DA:2784,0
DA:2785,0
DA:2786,0
DA:2787,0
DA:2789,0
DA:2794,0
DA:2796,0
DA:2797,0
DA:2809,0
DA:2814,0
DA:2815,0
DA:2816,0
DA:2817,0
DA:2829,0
DA:2834,0
DA:2835,0
DA:2836,0
DA:2837,0
DA:2870,0
DA:2878,0
DA:2879,0
DA:2880,0
DA:2881,0
DA:2882,0
DA:2883,0
DA:2884,0
DA:2885,0
DA:2886,0
DA:2918,0
DA:2923,0
DA:2924,0
DA:2925,0
DA:2926,0
DA:2927,0
DA:2928,0
DA:2929,0
DA:2930,0
DA:2931,0
DA:2932,0
DA:2933,0
DA:2934,0
DA:2935,0
DA:2936,0
DA:2937,0
DA:2938,0
DA:2940,0
DA:2967,0
DA:2976,0
DA:2977,0
DA:2978,0
DA:2979,0
DA:2980,0
DA:2981,0
DA:2982,0
DA:2983,0
DA:2984,0
DA:2985,0
DA:2986,0
DA:2987,0
DA:2988,0
DA:2989,0
DA:2990,0
DA:3171,0
DA:3182,0
DA:3183,0
DA:3184,0
DA:3186,0
DA:3187,0
DA:3188,0
DA:3189,0
DA:3190,0
DA:3191,0
DA:3192,0
DA:3194,0
DA:3205,0
DA:3216,0
DA:3217,0
DA:3218,0
DA:3220,0
DA:3221,0
DA:3222,0
DA:3223,0
DA:3224,0
DA:3225,0
DA:3226,0
DA:3228,0
DA:3238,0
DA:3244,0
DA:3245,0
DA:3246,0
DA:3248,0
DA:3249,0
DA:3250,0
DA:3251,0
DA:3252,0
DA:3253,0
DA:3255,0
DA:3266,0
DA:3277,0
DA:3278,0
DA:3279,0
DA:3280,0
DA:3281,0
DA:3282,0
DA:3283,0
DA:3284,0
DA:3285,0
DA:3287,0
DA:3289,0
DA:3300,0
DA:3311,0
DA:3312,0
DA:3313,0
DA:3314,0
DA:3315,0
DA:3316,0
DA:3317,0
DA:3318,0
DA:3319,0
DA:3321,0
DA:3323,0
DA:3334,0
DA:3345,0
DA:3346,0
DA:3347,0
DA:3348,0
DA:3349,0
DA:3350,0
DA:3351,0
DA:3352,0
DA:3353,0
DA:3354,0
DA:3355,0
DA:3357,0
DA:3359,0
DA:3370,0
DA:3382,0
DA:3383,0
DA:3384,0
DA:3385,0
DA:3386,0
DA:3387,0
DA:3391,0
DA:3393,0
DA:3395,0
DA:3396,0
DA:3397,0
DA:3398,0
DA:3399,0
DA:3400,0
DA:3403,0
DA:3405,0
DA:3408,0
DA:3409,0
DA:3410,0
DA:3423,0
DA:3430,0
DA:3433,0
DA:3434,0
DA:3435,0
DA:3436,0
DA:3437,0
DA:3438,0
DA:3440,0
DA:3441,0
DA:3442,0
DA:3443,0
DA:3444,0
DA:3446,0
DA:3447,0
DA:3448,0
DA:3449,0
DA:3450,0
DA:3456,0
DA:3458,0
DA:3459,0
DA:3460,0
DA:3461,0
DA:3462,0
DA:3463,0
DA:3466,0
DA:3469,0
DA:3470,0
DA:3471,0
DA:3473,0
DA:3475,0
DA:3486,0
DA:3513,0
DA:3514,0
DA:3515,0
DA:3516,0
DA:3517,0
DA:3518,0
DA:3519,0
DA:3520,0
DA:3521,0
DA:3522,0
DA:3525,0
DA:3526,0
DA:3527,0
DA:3528,0
DA:3530,0
DA:3531,0
DA:3532,0
DA:3533,0
DA:3535,0
DA:3536,0
DA:3537,0
DA:3538,0
DA:3540,0
DA:3541,0
DA:3545,0
DA:3546,0
DA:3547,0
DA:3548,0
DA:3549,0
DA:3551,0
DA:3552,0
DA:3553,0
DA:3554,0
DA:3555,0
DA:3559,0
DA:3560,0
DA:3561,0
DA:3562,0
DA:3563,0
DA:3564,0
DA:3565,0
DA:3567,0
DA:3568,0
DA:3569,0
DA:3570,0
DA:3571,0
DA:3572,0
DA:3574,0
DA:3575,0
DA:3576,0
DA:3578,0
DA:3581,0
DA:3582,0
DA:3585,0
DA:3586,0
DA:3587,0
DA:3589,0
DA:3590,0
DA:3592,0
DA:3593,0
DA:3594,0
DA:3596,0
DA:3597,0
DA:3598,0
DA:3603,0
DA:3604,0
DA:3605,0
DA:3606,0
DA:3607,0
DA:3608,0
DA:3609,0
DA:3610,0
DA:3611,0
DA:3612,0
DA:3613,0
DA:3614,0
DA:3617,0
DA:3618,0
DA:3620,0
DA:3621,0
DA:3622,0
DA:3623,0
DA:3624,0
DA:3626,0
DA:3630,0
DA:3634,0
DA:3635,0
DA:3639,0
DA:3640,0
DA:3641,0
DA:3642,0
DA:3643,0
DA:3645,0
DA:3646,0
DA:3648,0
DA:3649,0
DA:3653,0
DA:3654,0
DA:3656,0
DA:3657,0
DA:3661,0
DA:3662,0
DA:3877,0
DA:3901,0
DA:3902,0
DA:3903,0
DA:3904,0
DA:3905,0
DA:3906,0
DA:3907,0
DA:3908,0
DA:3909,0
DA:3910,0
DA:3913,0
DA:3914,0
DA:3915,0
DA:3916,0
DA:3918,0
DA:3919,0
DA:3920,0
DA:3921,0
DA:3923,0
DA:3924,0
DA:3925,0
DA:3926,0
DA:3928,0
DA:3929,0
DA:3933,0
DA:3934,0
DA:3935,0
DA:3936,0
DA:3937,0
DA:3939,0
DA:3940,0
DA:3941,0
DA:3942,0
DA:3943,0
DA:3947,0
DA:3948,0
DA:3949,0
DA:3950,0
DA:3951,0
DA:3952,0
DA:3953,0
DA:3954,0
DA:3955,0
DA:3956,0
DA:3958,0
DA:3959,0
DA:3960,0
DA:3961,0
DA:3963,0
DA:3964,0
DA:3965,0
DA:3967,0
DA:3970,0
DA:3971,0
DA:3972,0
DA:3973,0
DA:3974,0
DA:3975,0
DA:3976,0
DA:3979,0
DA:3980,0
DA:3984,0
DA:3985,0
DA:3986,0
DA:3987,0
DA:3988,0
DA:3990,0
DA:3991,0
DA:3992,0
DA:3993,0
DA:3994,0
DA:3999,0
DA:4002,0
DA:4003,0
DA:4005,0
DA:4006,0
DA:4007,0
DA:4008,0
DA:4010,0
DA:4011,0
DA:4012,0
DA:4017,0
DA:4018,0
DA:4019,0
DA:4020,0
DA:4021,0
DA:4022,0
DA:4024,0
DA:4026,0
DA:4027,0
DA:4028,0
DA:4030,0
DA:4032,0
DA:4033,0
DA:4034,0
DA:4035,0
DA:4036,0
DA:4038,0
DA:4039,0
DA:4040,0
DA:4041,0
DA:4042,0
DA:4044,0
DA:4046,0
DA:4047,0
DA:4048,0
DA:4049,0
DA:4050,0
DA:4053,0
DA:4054,0
DA:4055,0
DA:4056,0
DA:4057,0
DA:4058,0
DA:4059,0
DA:4060,0
DA:4062,0
DA:4067,0
DA:4068,0
DA:4069,0
DA:4070,0
DA:4071,0
DA:4072,0
DA:4073,0
DA:4074,0
DA:4075,0
DA:4077,0
DA:4078,0
DA:4079,0
DA:4080,0
DA:4081,0
DA:4082,0
DA:4083,0
DA:4087,0
DA:4089,0
DA:4093,0
DA:4094,0
DA:4098,0
DA:4099,0
DA:4100,0
DA:4101,0
DA:4102,0
DA:4104,0
DA:4105,0
DA:4107,0
DA:4108,0
DA:4112,0
DA:4113,0
DA:4115,0
DA:4116,0
DA:4120,0
DA:4121,0
DA:4136,0
DA:4146,0
DA:4147,0
DA:4148,0
DA:4149,0
DA:4150,0
DA:4152,0
DA:4154,0
DA:4156,0
DA:4158,0
DA:4166,0
DA:4167,0
DA:4168,0
DA:4170,0
DA:4172,0
DA:4176,0
DA:4177,0
DA:4178,0
DA:4179,0
DA:4183,0
DA:4185,0
DA:4189,0
DA:4190,0
DA:4203,0
DA:4211,0
DA:4212,0
DA:4213,0
DA:4214,0
DA:4215,0
DA:4217,0
DA:4219,0
DA:4221,0
DA:4222,0
DA:4223,0
DA:4228,0
DA:4230,0
DA:4231,0
DA:4232,0
DA:4234,0
DA:4236,0
DA:4241,0
DA:4242,0
DA:4246,0
DA:4248,0
DA:4252,0
DA:4253,0
DA:4266,0
DA:4276,0
DA:4277,0
DA:4279,0
DA:4281,0
DA:4282,0
DA:4283,0
DA:4290,0
DA:4293,0
DA:4294,0
DA:4295,0
DA:4296,0
DA:4297,0
DA:4298,0
DA:4300,0
DA:4302,0
DA:4303,0
DA:4304,0
DA:4305,0
DA:4309,0
DA:4311,0
DA:4315,0
DA:4316,0
DA:4329,0
DA:4342,0
DA:4344,0
DA:4346,0
DA:4348,0
DA:4350,0
DA:4358,0
DA:4359,0
DA:4360,0
DA:4362,0
DA:4364,0
DA:4368,0
DA:4369,0
DA:4370,0
DA:4371,0
DA:4375,0
DA:4377,0
DA:4381,0
DA:4382,0
DA:4395,0
DA:4403,0
DA:4404,0
DA:4406,0
DA:4408,0
DA:4409,0
DA:4410,0
DA:4411,0
DA:4416,0
DA:4419,0
DA:4420,0
DA:4421,0
DA:4422,0
DA:4423,0
DA:4424,0
DA:4426,0
DA:4428,0
DA:4429,0
DA:4433,0
DA:4435,0
DA:4439,0
DA:4440,0
DA:4453,0
DA:4464,0
DA:4466,0
DA:4468,0
DA:4470,0
DA:4471,0
DA:4472,0
DA:4477,0
DA:4479,0
DA:4480,0
DA:4481,0
DA:4483,0
DA:4485,0
DA:4490,0
DA:4491,0
DA:4495,0
DA:4497,0
DA:4501,0
DA:4502,0
DA:4544,0
DA:4554,0
DA:4555,0
DA:4556,0
DA:4557,0
DA:4559,0
DA:4560,0
DA:4562,0
DA:4580,0
DA:4592,0
DA:4593,0
DA:4594,0
DA:4595,0
DA:4596,0
DA:4597,0
DA:4599,0
DA:4600,0
DA:4602,0
DA:4620,0
DA:4630,0
DA:4631,0
DA:4632,0
DA:4633,0
DA:4635,0
DA:4636,0
DA:4638,0
DA:4656,0
DA:4668,0
DA:4669,0
DA:4670,0
DA:4671,0
DA:4672,0
DA:4673,0
DA:4675,0
DA:4676,0
DA:4678,0
DA:4696,0
DA:4717,0
DA:4718,0
DA:4719,0
DA:4720,0
DA:4721,0
DA:4722,0
DA:4723,0
DA:4724,0
DA:4725,0
DA:4726,0
DA:4727,0
DA:4730,0
DA:4731,0
DA:4732,0
DA:4733,0
DA:4735,0
DA:4736,0
DA:4737,0
DA:4738,0
DA:4742,0
DA:4743,0
DA:4744,0
DA:4745,0
DA:4746,0
DA:4748,0
DA:4749,0
DA:4750,0
DA:4751,0
DA:4752,0
DA:4756,0
DA:4757,0
DA:4758,0
DA:4759,0
DA:4760,0
DA:4761,0
DA:4762,0
DA:4764,0
DA:4768,0
DA:4769,0
DA:4773,0
DA:4774,0
DA:4775,0
DA:4777,0
DA:4779,0
DA:4783,0
DA:4785,0
DA:4786,0
DA:4798,0
DA:4824,0
DA:4825,0
DA:4826,0
DA:4827,0
DA:4828,0
DA:4829,0
DA:4830,0
DA:4831,0
DA:4832,0
DA:4833,0
DA:4834,0
DA:4837,0
DA:4838,0
DA:4839,0
DA:4840,0
DA:4842,0
DA:4843,0
DA:4844,0
DA:4845,0
DA:4849,0
DA:4850,0
DA:4851,0
DA:4852,0
DA:4853,0
DA:4855,0
DA:4856,0
DA:4857,0
DA:4858,0
DA:4859,0
DA:4863,0
DA:4864,0
DA:4865,0
DA:4870,0
DA:4871,0
DA:4872,0
DA:4873,0
DA:4875,0
DA:4876,0
DA:4877,0
DA:4879,0
DA:4883,0
DA:4884,0
DA:4888,0
DA:4889,0
DA:4890,0
DA:4892,0
DA:4894,0
DA:4898,0
DA:4900,0
DA:4901,0
DA:4913,0
DA:4940,0
DA:4941,0
DA:4942,0
DA:4943,0
DA:4944,0
DA:4945,0
DA:4946,0
DA:4947,0
DA:4948,0
DA:4949,0
DA:4950,0
DA:4953,0
DA:4954,0
DA:4955,0
DA:4956,0
DA:4957,0
DA:4959,0
DA:4961,0
DA:4962,0
DA:4963,0
DA:4967,0
DA:4968,0
DA:4969,0
DA:4970,0
DA:4971,0
DA:4973,0
DA:4974,0
DA:4975,0
DA:4977,0
DA:4978,0
DA:4979,0
DA:4980,0
DA:4981,0
DA:4985,0
DA:4986,0
DA:4987,0
DA:4998,0
DA:4999,0
DA:5000,0
DA:5002,0
DA:5004,0
DA:5005,0
DA:5008,0
DA:5009,0
DA:5010,0
DA:5014,0
DA:5016,0
DA:5017,0
DA:5019,0
DA:5023,0
DA:5027,0
DA:5028,0
DA:5032,0
DA:5033,0
DA:5034,0
DA:5038,0
DA:5039,0
DA:5043,0
DA:5045,0
DA:5046,0
DA:5058,0
DA:5082,0
DA:5083,0
DA:5084,0
DA:5085,0
DA:5086,0
DA:5087,0
DA:5088,0
DA:5089,0
DA:5090,0
DA:5091,0
DA:5092,0
DA:5095,0
DA:5096,0
DA:5097,0
DA:5098,0
DA:5099,0
DA:5101,0
DA:5103,0
DA:5104,0
DA:5105,0
DA:5109,0
DA:5110,0
DA:5111,0
DA:5112,0
DA:5113,0
DA:5115,0
DA:5116,0
DA:5117,0
DA:5119,0
DA:5120,0
DA:5121,0
DA:5122,0
DA:5123,0
DA:5127,0
DA:5128,0
DA:5129,0
DA:5130,0
DA:5131,0
DA:5132,0
DA:5134,0
DA:5136,0
DA:5137,0
DA:5138,0
DA:5139,0
DA:5140,0
DA:5141,0
DA:5142,0
DA:5143,0
DA:5144,0
DA:5147,0
DA:5148,0
DA:5149,0
DA:5150,0
DA:5151,0
DA:5152,0
DA:5153,0
DA:5154,0
DA:5155,0
DA:5157,0
DA:5160,0
DA:5164,0
DA:5165,0
DA:5169,0
DA:5170,0
DA:5171,0
DA:5175,0
DA:5176,0
DA:5180,0
DA:5182,0
DA:5183,0
DA:5195,0
DA:5210,0
DA:5211,0
DA:5212,0
DA:5213,0
DA:5214,0
DA:5217,0
DA:5218,0
DA:5219,0
DA:5220,0
DA:5222,0
DA:5223,0
DA:5227,0
DA:5228,0
DA:5229,0
DA:5233,0
DA:5234,0
DA:5235,0
DA:5236,0
DA:5237,0
DA:5241,0
DA:5242,0
DA:5243,0
DA:5244,0
DA:5245,0
DA:5246,0
DA:5247,0
DA:5250,0
DA:5251,0
DA:5252,0
DA:5253,0
DA:5254,0
DA:5255,0
DA:5256,0
DA:5258,0
DA:5261,0
DA:5265,0
DA:5266,0
DA:5268,0
DA:5269,0
DA:5281,0
DA:5298,0
DA:5299,0
DA:5300,0
DA:5301,0
DA:5302,0
DA:5305,0
DA:5306,0
DA:5307,0
DA:5308,0
DA:5310,0
DA:5311,0
DA:5315,0
DA:5316,0
DA:5317,0
DA:5321,0
DA:5322,0
DA:5323,0
DA:5324,0
DA:5325,0
DA:5332,0
DA:5333,0
DA:5334,0
DA:5335,0
DA:5336,0
DA:5337,0
DA:5338,0
DA:5339,0
DA:5340,0
DA:5342,0
DA:5344,0
DA:5345,0
DA:5346,0
DA:5349,0
DA:5350,0
DA:5351,0
DA:5352,0
DA:5353,0
DA:5354,0
DA:5356,0
DA:5359,0
DA:5363,0
DA:5364,0
DA:5366,0
DA:5367,0
DA:5379,0
DA:5388,0
DA:5389,0
DA:5390,0
DA:5391,0
DA:5392,0
DA:5393,0
DA:5394,0
DA:5406,0
DA:5415,0
DA:5416,0
DA:5417,0
DA:5418,0
DA:5419,0
DA:5420,0
DA:5421,0
DA:5433,0
DA:5446,0
DA:5447,0
DA:5448,0
DA:5449,0
DA:5450,0
DA:5453,0
DA:5454,0
DA:5455,0
DA:5456,0
DA:5458,0
DA:5460,0
DA:5464,0
DA:5465,0
DA:5466,0
DA:5467,0
DA:5471,0
DA:5473,0
DA:5474,0
DA:5486,0
DA:5492,0
DA:5493,0
DA:5494,0
DA:5495,0
DA:5497,0
DA:5498,0
DA:5510,0
DA:5518,0
DA:5519,0
DA:5520,0
DA:5521,0
DA:5522,0
DA:5523,0
DA:5525,0
DA:5526,0
DA:5528,0
DA:5529,0
DA:5531,0
DA:5532,0
DA:5533,0
DA:5546,0
DA:5550,0
DA:5551,0
DA:5552,0
DA:5554,0
DA:5555,0
DA:5557,0
DA:5570,0
DA:5576,0
DA:5577,0
DA:5578,0
DA:5579,0
DA:5581,0
DA:5582,0
DA:5584,0
DA:5585,0
DA:5586,0
DA:5587,0
DA:5588,0
DA:5601,0
DA:5607,0
DA:5608,0
DA:5609,0
DA:5610,0
DA:5612,0
DA:5613,0
DA:5625,0
DA:5629,0
DA:5630,0
DA:5631,0
DA:5633,0
DA:5634,0
DA:5635,0
DA:5638,0
DA:5651,0
DA:5663,0
DA:5664,0
DA:5665,0
DA:5666,0
DA:5667,0
DA:5671,0
DA:5673,0
DA:5684,0
DA:5685,0
DA:5686,0
DA:5687,0
DA:5688,0
DA:5700,0
DA:5717,0
DA:5718,0
DA:5719,0
DA:5720,0
DA:5721,0
DA:5724,0
DA:5725,0
DA:5726,0
DA:5727,0
DA:5728,0
DA:5733,0
DA:5744,0
DA:5745,0
DA:5746,0
DA:5747,0
DA:5748,0
DA:5761,0
DA:5773,0
DA:5774,0
DA:5775,0
DA:5776,0
DA:5777,0
DA:5781,0
DA:5783,0
DA:5794,0
DA:5795,0
DA:5796,0
DA:5797,0
DA:5798,0
DA:5810,0
DA:5827,0
DA:5828,0
DA:5829,0
DA:5830,0
DA:5831,0
DA:5834,0
DA:5835,0
DA:5836,0
DA:5837,0
DA:5838,0
DA:5839,0
DA:5843,0
DA:5854,0
DA:5855,0
DA:5856,0
DA:5857,0
DA:5858,0
DA:5871,0
DA:5882,0
DA:5883,0
DA:5884,0
DA:5885,0
DA:5886,0
DA:5890,0
DA:5892,0
DA:5903,0
DA:5904,0
DA:5905,0
DA:5906,0
DA:5918,0
DA:5934,0
DA:5935,0
DA:5936,0
DA:5937,0
DA:5938,0
DA:5941,0
DA:5942,0
DA:5955,0
DA:5956,0
DA:5957,0
DA:5958,0
DA:5959,0
DA:5960,0
DA:5962,0
DA:5963,0
DA:5964,0
DA:5966,0
DA:5971,0
DA:5972,0
DA:5973,0
DA:5986,0
DA:5997,0
DA:5998,0
DA:5999,0
DA:6000,0
DA:6001,0
DA:6005,0
DA:6007,0
DA:6018,0
DA:6019,0
DA:6020,0
DA:6021,0
DA:6033,0
DA:6049,0
DA:6050,0
DA:6051,0
DA:6052,0
DA:6053,0
DA:6056,0
DA:6057,0
DA:6070,0
DA:6071,0
DA:6072,0
DA:6073,0
DA:6074,0
DA:6075,0
DA:6077,0
DA:6078,0
DA:6079,0
DA:6081,0
DA:6086,0
DA:6087,0
DA:6088,0
DA:6089,0
DA:6104,0
DA:6116,0
DA:6117,0
DA:6121,0
DA:6122,0
DA:6123,0
DA:6128,0
DA:6130,0
DA:6132,0
DA:6133,0
DA:6138,0
DA:6140,0
DA:6152,0
DA:6153,0
DA:6158,0
DA:6159,0
DA:6160,0
DA:6165,0
DA:6167,0
DA:6168,0
DA:6170,0
DA:6171,0
DA:6172,0
DA:6174,0
DA:6180,0
DA:6182,0
DA:6183,0
DA:6185,0
DA:6186,0
DA:6187,0
DA:6189,0
DA:6195,0
DA:6197,0
DA:6198,0
DA:6200,0
DA:6201,0
DA:6202,0
DA:6204,0
DA:6210,0
DA:6212,0
DA:6213,0
DA:6215,0
DA:6216,0
DA:6217,0
DA:6219,0
DA:6225,0
DA:6227,0
DA:6228,0
DA:6230,0
DA:6231,0
DA:6232,0
DA:6234,0
DA:6240,0
DA:6242,0
DA:6243,0
DA:6245,0
DA:6246,0
DA:6247,0
DA:6249,0
DA:6255,0
DA:6257,0
DA:6258,0
DA:6260,0
DA:6261,0
DA:6262,0
DA:6264,0
DA:6270,0
DA:6272,0
DA:6273,0
DA:6275,0
DA:6276,0
DA:6277,0
DA:6279,0
DA:6285,0
DA:6287,0
DA:6289,0
DA:6290,0
DA:6291,0
DA:6293,0
DA:6299,0
DA:6301,0
DA:6303,0
DA:6304,0
DA:6305,0
DA:6307,0
DA:6313,0
DA:6315,0
DA:6316,0
DA:6317,0
DA:6319,0
DA:6320,0
DA:6321,0
DA:6323,0
DA:6329,0
DA:6331,0
DA:6332,0
DA:6333,0
DA:6335,0
DA:6336,0
DA:6337,0
DA:6339,0
DA:6345,0
DA:6347,0
DA:6348,0
DA:6349,0
DA:6351,0
DA:6352,0
DA:6353,0
DA:6355,0
DA:6361,0
DA:6363,0
DA:6364,0
DA:6365,0
DA:6367,0
DA:6368,0
DA:6369,0
DA:6371,0
DA:6377,0
DA:6379,0
DA:6380,0
DA:6381,0
DA:6383,0
DA:6384,0
DA:6385,0
DA:6387,0
DA:6393,0
DA:6395,0
DA:6396,0
DA:6397,0
DA:6399,0
DA:6400,0
DA:6401,0
DA:6403,0
DA:6409,0
DA:6411,0
DA:6412,0
DA:6413,0
DA:6415,0
DA:6416,0
DA:6417,0
DA:6419,0
DA:6425,0
DA:6427,0
DA:6428,0
DA:6429,0
DA:6431,0
DA:6432,0
DA:6433,0
DA:6435,0
DA:6441,0
DA:6443,0
DA:6444,0
DA:6446,0
DA:6447,0
DA:6448,0
DA:6450,0
DA:6456,0
DA:6458,0
DA:6459,0
DA:6461,0
DA:6462,0
DA:6463,0
DA:6465,0
DA:6471,0
DA:6473,0
DA:6474,0
DA:6476,0
DA:6477,0
DA:6478,0
DA:6480,0
DA:6486,0
DA:6488,0
DA:6489,0
DA:6491,0
DA:6492,0
DA:6493,0
DA:6495,0
DA:6501,0
DA:6503,0
DA:6504,0
DA:6506,0
DA:6507,0
DA:6508,0
DA:6510,0
DA:6516,0
DA:6518,0
DA:6519,0
DA:6521,0
DA:6522,0
DA:6523,0
DA:6525,0
DA:6531,0
DA:6533,0
DA:6534,0
DA:6536,0
DA:6537,0
DA:6538,0
DA:6540,0
DA:6546,0
DA:6548,0
DA:6549,0
DA:6551,0
DA:6552,0
DA:6553,0
DA:6555,0
DA:6561,0
DA:6563,0
DA:6564,0
DA:6566,0
DA:6567,0
DA:6568,0
DA:6570,0
DA:6576,0
DA:6578,0
DA:6579,0
DA:6581,0
DA:6582,0
DA:6583,0
DA:6585,0
DA:6591,0
DA:6593,0
DA:6594,0
DA:6596,0
DA:6597,0
DA:6598,0
DA:6600,0
DA:6606,0
DA:6608,0
DA:6609,0
DA:6611,0
DA:6612,0
DA:6613,0
DA:6615,0
DA:6621,0
DA:6623,0
DA:6624,0
DA:6626,0
DA:6627,0
DA:6628,0
DA:6630,0
DA:6636,0
DA:6638,0
DA:6639,0
DA:6641,0
DA:6642,0
DA:6643,0
DA:6645,0
DA:6651,0
DA:6653,0
DA:6654,0
DA:6656,0
DA:6657,0
DA:6658,0
DA:6660,0
LF:1731
LH:0
end_of_record
TN:
SF:../../../../../../ImperasLib/source/riscv.ovpworld.org/processor/riscv/1.0/model/riscvMorph.c
FN:131,getPC
FN:138,getDataEndian
FN:145,isLR
FN:152,disableMorph
FN:159,getCurrentArch
FN:171,emitIllegalInstruction
FN:179,illegalInstructionMessageDesc
FN:190,riscvEmitIllegalInstructionMessageDesc
FN:206,getFeatureDesc
FN:224,illegalInstructionAbsentArch
FN:244,illegalInstructionPresentArch
FN:265,emitIllegalInstructionAbsentArch
FN:274,emitIllegalInstructionPresentArch
FN:283,emitCustomAbsent
FN:291,emitBlockMask
FN:312,isFeaturePresentMT
FN:328,riscvRequireArchPresentMT
FN:348,riscvRequireArchAbsentMT
FN:366,requireMISAMT
FN:378,riscvInstructionEnabled
FN:398,riscvEmitIllegalInstructionMode
FN:418,requireModeMT
FN:433,checkHaveSModeMT
FN:452,checkHaveUModeMT
FN:489,trapInstruction
FN:508,emitTrapInstructionMask
FN:540,updateFS
FN:553,getTmp
FN:568,getRVReg
FN:575,getRegMask
FN:582,getRegFType
FN:598,riscvGetVMIReg
FN:636,getVMIReg
FN:644,riscvWriteRegSize
FN:685,writeRegSize
FN:693,riscvWriteReg
FN:701,writeReg
FN:713,emitLoadCommon
FN:731,emitStoreCommon
FN:752,emitNOP
FN:759,emitMoveRR
FN:776,emitMoveRC
FN:792,emitMoveRPC
FN:815,emitBinopRRR
FN:834,emitMulopHRRR
FN:853,doNEG128H
FN:870,emitNegate
FN:894,emitMULHSU
FN:938,emitCmpopRRR
FN:957,emitBinopRRC
FN:975,emitCmpopRRC
FN:993,getLoadStoreConstraint
FN:1004,getLoadStoreConstraintA
FN:1021,emitLoad
FN:1040,emitStore
FN:1056,isTargetAddressAlignedC
FN:1078,emitTargetAddressUnalignedC
FN:1091,checkTargetAddressAlignedR
FN:1118,emitBranchRR
FN:1154,getLinkPC
FN:1172,emitJAL
FN:1193,emitJALR
FN:1248,emitAMOCommonRRR
FN:1283,emitAMOBinopRRRCB
FN:1290,emitAMOCmpopRRRCB
FN:1301,emitAMOSwapRRRCB
FN:1308,emitAMOBinopRRR
FN:1315,emitAMOCmpopRRR
FN:1322,emitAMOSwapRRR
FN:1334,getEABits
FN:1341,getModeBits
FN:1348,generateEATag
FN:1360,startEA
FN:1375,validateEA
FN:1409,clearEA
FN:1418,endEA
FN:1437,emitLR
FN:1462,emitSC
FN:1503,emitException
FN:1511,emitECALL
FN:1518,emitEBREAK
FN:1525,emitMRET
FN:1538,emitSRET
FN:1557,emitURET
FN:1570,emitWFI
FN:1594,emitSFENCE_VMA
FN:1646,doCSRRead
FN:1653,doCSRWriteRS1
FN:1660,doCSRWriteImm
FN:1667,emitCSRRCommon
FN:1751,emitCSRR
FN:1764,emitCSRRI
FN:1852,isNaNorInf32
FN:1859,isNaNorInf64
FN:1866,isNaN32
FN:1873,isNaN64
FN:1880,isInf32
FN:1887,isInf64
FN:1894,isDenorm32
FN:1901,isDenorm64
FN:1908,isZero32
FN:1915,isZero64
FN:1922,isQNaN32
FN:1929,isQNaN64
FN:1936,isSNaN32
FN:1943,isSNaN64
FN:1951,riscvGetVMIRegFS
FN:1988,getVMIRegFS
FN:2000,handleQNaN32
FN:2007,handleQNaN64
FN:2015,handleIndeterminate32
FN:2042,handleIndeterminate64
FN:2073,doMinMax32_2_2
FN:2098,doMinMax64_2_2
FN:2123,doFMin32_2_2
FN:2137,doFMax32_2_2
FN:2151,doFMin64_2_2
FN:2165,doFMax64_2_2
FN:2184,doMinMax32_2_3
FN:2210,doMinMax64_2_3
FN:2236,doFMin32_2_3
FN:2250,doFMax32_2_3
FN:2264,doFMin64_2_3
FN:2278,doFMax64_2_3
FN:2351,riscvConfigureFPU
FN:2358,mapRMDescToRC
FN:2377,mapFRMToRC
FN:2396,setFPCW
FN:2417,refreshFPCW
FN:2474,isRMMActive
FN:2495,emitCheckLegalRM
FN:2509,emitSetRM
FN:2547,refineFPCtrlF32
FN:2565,refineFPCtrlF64
FN:2585,refineFPCtrlI32
FN:2599,refineFPCtrlI64
FN:2614,refineFPCtrlU32
FN:2628,refineFPCtrlU64
FN:2644,refineFPCtrl
FN:2685,getFPControl
FN:2721,emitFMoveRR
FN:2738,emitFUnop
FN:2759,emitFBinop
FN:2782,emitFTernop
FN:2807,emitFConvert
FN:2843,emitFCompare
FN:2868,emitFSgn
FN:2921,doFClass32
FN:2946,doFClass64
FN:2971,emitFClass
FN:3134,riscvStartBlock
FN:3157,riscvEndBlock
FN:3175,riscvMorph
FN:3232,riscvArithResult
FNDA:0,getPC
FNDA:596,getDataEndian
FNDA:165,isLR
FNDA:1621,disableMorph
FNDA:2368,getCurrentArch
FNDA:0,emitIllegalInstruction
FNDA:0,illegalInstructionMessageDesc
FNDA:0,riscvEmitIllegalInstructionMessageDesc
FNDA:0,getFeatureDesc
FNDA:0,illegalInstructionAbsentArch
FNDA:0,illegalInstructionPresentArch
FNDA:0,emitIllegalInstructionAbsentArch
FNDA:0,emitIllegalInstructionPresentArch
FNDA:0,emitCustomAbsent
FNDA:1669,emitBlockMask
FNDA:48,isFeaturePresentMT
FNDA:1621,riscvRequireArchPresentMT
FNDA:699,riscvRequireArchAbsentMT
FNDA:0,requireMISAMT
FNDA:1621,riscvInstructionEnabled
FNDA:0,riscvEmitIllegalInstructionMode
FNDA:0,requireModeMT
FNDA:0,checkHaveSModeMT
FNDA:0,checkHaveUModeMT
FNDA:0,trapInstruction
FNDA:0,emitTrapInstructionMask
FNDA:0,updateFS
FNDA:255,getTmp
FNDA:3170,getRVReg
FNDA:979,getRegMask
FNDA:0,getRegFType
FNDA:4149,riscvGetVMIReg
FNDA:4149,getVMIReg
FNDA:979,riscvWriteRegSize
FNDA:979,writeRegSize
FNDA:978,riscvWriteReg
FNDA:978,writeReg
FNDA:315,emitLoadCommon
FNDA:281,emitStoreCommon
FNDA:0,emitNOP
FNDA:151,emitMoveRR
FNDA:17,emitMoveRC
FNDA:39,emitMoveRPC
FNDA:91,emitBinopRRR
FNDA:0,emitMulopHRRR
FNDA:0,doNEG128H
FNDA:0,emitNegate
FNDA:0,emitMULHSU
FNDA:0,emitCmpopRRR
FNDA:365,emitBinopRRC
FNDA:1,emitCmpopRRC
FNDA:596,getLoadStoreConstraint
FNDA:0,getLoadStoreConstraintA
FNDA:315,emitLoad
FNDA:281,emitStore
FNDA:313,isTargetAddressAlignedC
FNDA:0,emitTargetAddressUnalignedC
FNDA:48,checkTargetAddressAlignedR
FNDA:206,emitBranchRR
FNDA:155,getLinkPC
FNDA:107,emitJAL
FNDA:48,emitJALR
FNDA:0,emitAMOCommonRRR
FNDA:0,emitAMOBinopRRRCB
FNDA:0,emitAMOCmpopRRRCB
FNDA:0,emitAMOSwapRRRCB
FNDA:0,emitAMOBinopRRR
FNDA:0,emitAMOCmpopRRR
FNDA:0,emitAMOSwapRRR
FNDA:0,getEABits
FNDA:0,getModeBits
FNDA:0,generateEATag
FNDA:0,startEA
FNDA:0,validateEA
FNDA:0,clearEA
FNDA:0,endEA
FNDA:0,emitLR
FNDA:0,emitSC
FNDA:0,emitException
FNDA:0,emitECALL
FNDA:0,emitEBREAK
FNDA:0,emitMRET
FNDA:0,emitSRET
FNDA:0,emitURET
FNDA:0,emitWFI
FNDA:0,emitSFENCE_VMA
FNDA:0,doCSRRead
FNDA:0,doCSRWriteRS1
FNDA:0,doCSRWriteImm
FNDA:0,emitCSRRCommon
FNDA:0,emitCSRR
FNDA:0,emitCSRRI
FNDA:0,isNaNorInf32
FNDA:0,isNaNorInf64
FNDA:0,isNaN32
FNDA:0,isNaN64
FNDA:0,isInf32
FNDA:0,isInf64
FNDA:0,isDenorm32
FNDA:0,isDenorm64
FNDA:0,isZero32
FNDA:0,isZero64
FNDA:0,isQNaN32
FNDA:0,isQNaN64
FNDA:0,isSNaN32
FNDA:0,isSNaN64
FNDA:0,riscvGetVMIRegFS
FNDA:0,getVMIRegFS
FNDA:0,handleQNaN32
FNDA:0,handleQNaN64
FNDA:0,handleIndeterminate32
FNDA:0,handleIndeterminate64
FNDA:0,doMinMax32_2_2
FNDA:0,doMinMax64_2_2
FNDA:0,doFMin32_2_2
FNDA:0,doFMax32_2_2
FNDA:0,doFMin64_2_2
FNDA:0,doFMax64_2_2
FNDA:0,doMinMax32_2_3
FNDA:0,doMinMax64_2_3
FNDA:0,doFMin32_2_3
FNDA:0,doFMax32_2_3
FNDA:0,doFMin64_2_3
FNDA:0,doFMax64_2_3
FNDA:1,riscvConfigureFPU
FNDA:0,mapRMDescToRC
FNDA:0,mapFRMToRC
FNDA:0,setFPCW
FNDA:0,refreshFPCW
FNDA:0,isRMMActive
FNDA:0,emitCheckLegalRM
FNDA:0,emitSetRM
FNDA:0,refineFPCtrlF32
FNDA:0,refineFPCtrlF64
FNDA:0,refineFPCtrlI32
FNDA:0,refineFPCtrlI64
FNDA:0,refineFPCtrlU32
FNDA:0,refineFPCtrlU64
FNDA:0,refineFPCtrl
FNDA:0,getFPControl
FNDA:0,emitFMoveRR
FNDA:0,emitFUnop
FNDA:0,emitFBinop
FNDA:0,emitFTernop
FNDA:0,emitFConvert
FNDA:0,emitFCompare
FNDA:0,emitFSgn
FNDA:0,doFClass32
FNDA:0,doFClass64
FNDA:0,emitFClass
FNDA:366,riscvStartBlock
FNDA:366,riscvEndBlock
FNDA:1621,riscvMorph
FNDA:0,riscvArithResult
FNF:154
FNH:39
DA:131,0
DA:132,0
DA:138,596
DA:139,596
DA:145,165
DA:146,165
DA:152,1621
DA:153,1621
DA:159,2368
DA:160,2368
DA:171,0
DA:172,0
DA:173,0
DA:174,0
DA:179,0
DA:180,0
DA:185,0
DA:190,0
DA:193,0
DA:194,0
DA:195,0
DA:196,0
DA:200,0
DA:201,0
DA:206,0
DA:209,0
DA:212,0
DA:218,0
DA:224,0
DA:229,0
DA:230,0
DA:238,0
DA:239,0
DA:244,0
DA:249,0
DA:250,0
DA:258,0
DA:259,0
DA:265,0
DA:266,0
DA:267,0
DA:268,0
DA:269,0
DA:274,0
DA:275,0
DA:276,0
DA:277,0
DA:278,0
DA:283,0
DA:284,0
DA:285,0
DA:291,1669
DA:295,1669
DA:300,1669
DA:303,1669
DA:304,0
DA:306,1669
DA:312,48
DA:314,48
DA:315,48
DA:316,48
DA:319,48
DA:321,48
DA:328,1621
DA:330,1621
DA:331,1621
DA:332,1621
DA:335,1621
DA:338,1621
DA:339,0
DA:342,1621
DA:348,699
DA:350,699
DA:351,699
DA:352,699
DA:355,699
DA:356,0
DA:359,699
DA:366,0
DA:369,0
DA:371,0
DA:378,1621
DA:381,1621
DA:382,1621
DA:385,1621
DA:386,0
DA:387,0
DA:391,1621
DA:398,0
DA:400,0
DA:402,0
DA:404,0
DA:405,0
DA:407,0
DA:408,0
DA:413,0
DA:418,0
DA:420,0
DA:422,0
DA:423,0
DA:424,0
DA:426,0
DA:433,0
DA:435,0
DA:437,0
DA:440,0
DA:445,0
DA:452,0
DA:454,0
DA:456,0
DA:459,0
DA:464,0
DA:489,0
DA:492,0
DA:493,0
DA:501,0
DA:502,0
DA:508,0
DA:515,0
DA:517,0
DA:520,0
DA:523,0
DA:524,0
DA:525,0
DA:528,0
DA:530,0
DA:540,0
DA:542,0
DA:544,0
DA:545,0
DA:546,0
DA:548,0
DA:553,255
DA:556,255
DA:562,255
DA:568,3170
DA:569,3170
DA:575,979
DA:576,979
DA:582,0
DA:584,0
DA:586,0
DA:587,0
DA:588,0
DA:589,0
DA:591,0
DA:598,4149
DA:600,4149
DA:601,4149
DA:602,4149
DA:604,4149
DA:607,4149
DA:608,0
DA:614,4149
DA:615,4149
DA:618,0
DA:621,0
DA:622,0
DA:630,4149
DA:636,4149
DA:637,4149
DA:644,979
DA:646,979
DA:648,979
DA:650,979
DA:653,979
DA:656,979
DA:658,0
DA:660,0
DA:661,0
DA:662,0
DA:665,0
DA:666,0
DA:667,0
DA:669,0
DA:673,0
DA:679,979
DA:685,979
DA:686,979
DA:687,979
DA:693,978
DA:694,978
DA:695,978
DA:701,978
DA:702,978
DA:703,978
DA:713,315
DA:720,315
DA:721,315
DA:722,315
DA:723,315
DA:725,315
DA:726,315
DA:731,281
DA:737,281
DA:738,281
DA:739,281
DA:741,281
DA:742,281
DA:752,0
DA:754,0
DA:759,151
DA:761,151
DA:762,151
DA:763,151
DA:764,151
DA:765,151
DA:766,151
DA:768,151
DA:770,151
DA:771,151
DA:776,17
DA:778,17
DA:779,17
DA:780,17
DA:781,17
DA:782,17
DA:784,17
DA:786,17
DA:787,17
DA:792,39
DA:794,39
DA:795,39
DA:796,39
DA:797,39
DA:798,39
DA:801,39
DA:802,0
DA:804,39
DA:807,39
DA:809,39
DA:810,39
DA:815,91
DA:817,91
DA:818,91
DA:819,91
DA:820,91
DA:821,91
DA:822,91
DA:823,91
DA:824,91
DA:826,91
DA:828,91
DA:829,91
DA:834,0
DA:836,0
DA:837,0
DA:838,0
DA:839,0
DA:840,0
DA:841,0
DA:842,0
DA:843,0
DA:845,0
DA:847,0
DA:848,0
DA:853,0
DA:856,0
DA:857,0
DA:860,0
DA:861,0
DA:864,0
DA:870,0
DA:872,0
DA:875,0
DA:877,0
DA:880,0
DA:881,0
DA:882,0
DA:889,0
DA:894,0
DA:896,0
DA:897,0
DA:898,0
DA:899,0
DA:900,0
DA:901,0
DA:902,0
DA:903,0
DA:904,0
DA:905,0
DA:906,0
DA:907,0
DA:908,0
DA:909,0
DA:910,0
DA:913,0
DA:916,0
DA:917,0
DA:918,0
DA:919,0
DA:922,0
DA:925,0
DA:926,0
DA:927,0
DA:930,0
DA:932,0
DA:933,0
DA:938,0
DA:940,0
DA:941,0
DA:942,0
DA:943,0
DA:944,0
DA:945,0
DA:946,0
DA:947,0
DA:949,0
DA:951,0
DA:952,0
DA:957,365
DA:959,365
DA:960,365
DA:961,365
DA:962,365
DA:963,365
DA:964,365
DA:965,365
DA:967,365
DA:969,365
DA:970,365
DA:975,1
DA:977,1
DA:978,1
DA:979,1
DA:980,1
DA:981,1
DA:982,1
DA:983,1
DA:985,1
DA:987,1
DA:988,1
DA:993,596
DA:995,596
DA:997,596
DA:1004,0
DA:1006,0
DA:1008,0
DA:1009,0
DA:1010,0
DA:1012,0
DA:1014,0
DA:1021,315
DA:1023,315
DA:1024,315
DA:1025,315
DA:1026,315
DA:1027,315
DA:1028,315
DA:1029,315
DA:1032,315
DA:1034,315
DA:1035,315
DA:1040,281
DA:1042,281
DA:1043,281
DA:1044,281
DA:1045,281
DA:1046,281
DA:1047,281
DA:1050,281
DA:1051,281
DA:1056,313
DA:1058,313
DA:1061,313
DA:1063,0
DA:1066,0
DA:1071,0
DA:1078,0
DA:1080,0
DA:1083,0
DA:1084,0
DA:1085,0
DA:1086,0
DA:1091,48
DA:1093,48
DA:1095,48
DA:1096,48
DA:1099,48
DA:1102,48
DA:1103,48
DA:1106,48
DA:1107,48
DA:1108,48
DA:1111,48
DA:1113,48
DA:1118,206
DA:1120,206
DA:1121,206
DA:1122,206
DA:1123,206
DA:1124,206
DA:1125,206
DA:1126,206
DA:1127,206
DA:1130,206
DA:1133,206
DA:1135,0
DA:1138,0
DA:1141,0
DA:1144,0
DA:1148,206
DA:1149,206
DA:1154,155
DA:1156,155
DA:1158,155
DA:1160,0
DA:1162,0
DA:1163,0
DA:1166,155
DA:1172,107
DA:1174,107
DA:1175,107
DA:1176,107
DA:1177,107
DA:1178,107
DA:1181,107
DA:1182,0
DA:1186,107
DA:1187,107
DA:1188,107
DA:1193,48
DA:1195,48
DA:1196,48
DA:1197,48
DA:1198,48
DA:1199,48
DA:1200,48
DA:1201,48
DA:1205,48
DA:1206,1
DA:1207,1
DA:1208,1
DA:1212,48
DA:1215,48
DA:1216,38
DA:1217,10
DA:1218,8
DA:1220,2
DA:1224,48
DA:1225,48
DA:1226,48
DA:1248,0
DA:1250,0
DA:1251,0
DA:1252,0
DA:1253,0
DA:1254,0
DA:1255,0
DA:1256,0
DA:1257,0
DA:1258,0
DA:1259,0
DA:1260,0
DA:1263,0
DA:1266,0
DA:1269,0
DA:1272,0
DA:1273,0
DA:1274,0
DA:1275,0
DA:1277,0
DA:1278,0
DA:1283,0
DA:1284,0
DA:1285,0
DA:1290,0
DA:1292,0
DA:1294,0
DA:1295,0
DA:1296,0
DA:1301,0
DA:1302,0
DA:1303,0
DA:1308,0
DA:1309,0
DA:1310,0
DA:1315,0
DA:1316,0
DA:1317,0
DA:1322,0
DA:1323,0
DA:1324,0
DA:1334,0
DA:1335,0
DA:1341,0
DA:1342,0
DA:1348,0
DA:1350,0
DA:1351,0
DA:1353,0
DA:1354,0
DA:1355,0
DA:1360,0
DA:1364,0
DA:1365,0
DA:1368,0
DA:1369,0
DA:1375,0
DA:1381,0
DA:1382,0
DA:1383,0
DA:1386,0
DA:1389,0
DA:1392,0
DA:1395,0
DA:1398,0
DA:1401,0
DA:1403,0
DA:1409,0
DA:1412,0
DA:1413,0
DA:1418,0
DA:1425,0
DA:1428,0
DA:1431,0
DA:1432,0
DA:1437,0
DA:1439,0
DA:1440,0
DA:1441,0
DA:1442,0
DA:1443,0
DA:1444,0
DA:1445,0
DA:1448,0
DA:1451,0
DA:1454,0
DA:1456,0
DA:1457,0
DA:1462,0
DA:1464,0
DA:1465,0
DA:1466,0
DA:1467,0
DA:1468,0
DA:1469,0
DA:1470,0
DA:1471,0
DA:1472,0
DA:1475,0
DA:1478,0
DA:1481,0
DA:1484,0
DA:1486,0
DA:1487,0
DA:1503,0
DA:1504,0
DA:1505,0
DA:1506,0
DA:1511,0
DA:1512,0
DA:1513,0
DA:1518,0
DA:1519,0
DA:1520,0
DA:1525,0
DA:1527,0
DA:1530,0
DA:1532,0
DA:1533,0
DA:1538,0
DA:1540,0
DA:1543,0
DA:1546,0
DA:1549,0
DA:1551,0
DA:1552,0
DA:1557,0
DA:1559,0
DA:1562,0
DA:1564,0
DA:1565,0
DA:1570,0
DA:1572,0
DA:1573,0
DA:1577,0
DA:1578,0
DA:1582,0
DA:1585,0
DA:1586,0
DA:1587,0
DA:1589,0
DA:1594,0
DA:1596,0
DA:1597,0
DA:1598,0
DA:1599,0
DA:1600,0
DA:1601,0
DA:1602,0
DA:1603,0
DA:1606,0
DA:1609,0
DA:1612,0
DA:1615,0
DA:1616,0
DA:1617,0
DA:1618,0
DA:1622,0
DA:1623,0
DA:1627,0
DA:1628,0
DA:1629,0
DA:1630,0
DA:1631,0
DA:1632,0
DA:1634,0
DA:1636,0
DA:1646,0
DA:1647,0
DA:1653,0
DA:1654,0
DA:1660,0
DA:1661,0
DA:1667,0
DA:1669,0
DA:1670,0
DA:1671,0
DA:1672,0
DA:1673,0
DA:1674,0
DA:1675,0
DA:1678,0
DA:1680,0
DA:1683,0
DA:1684,0
DA:1688,0
DA:1689,0
DA:1693,0
DA:1695,0
DA:1696,0
DA:1697,0
DA:1698,0
DA:1700,0
DA:1703,0
DA:1704,0
DA:1706,0
DA:1708,0
DA:1711,0
DA:1712,0
DA:1714,0
DA:1716,0
DA:1719,0
DA:1720,0
DA:1722,0
DA:1724,0
DA:1731,0
DA:1732,0
DA:1737,0
DA:1738,0
DA:1743,0
DA:1744,0
DA:1746,0
DA:1751,0
DA:1753,0
DA:1754,0
DA:1755,0
DA:1756,0
DA:1758,0
DA:1759,0
DA:1764,0
DA:1766,0
DA:1768,0
DA:1769,0
DA:1852,0
DA:1853,0
DA:1859,0
DA:1860,0
DA:1866,0
DA:1867,0
DA:1873,0
DA:1874,0
DA:1880,0
DA:1881,0
DA:1887,0
DA:1888,0
DA:1894,0
DA:1895,0
DA:1901,0
DA:1902,0
DA:1908,0
DA:1909,0
DA:1915,0
DA:1916,0
DA:1922,0
DA:1923,0
DA:1929,0
DA:1930,0
DA:1936,0
DA:1937,0
DA:1943,0
DA:1944,0
DA:1951,0
DA:1953,0
DA:1954,0
DA:1956,0
DA:1958,0
DA:1959,0
DA:1964,0
DA:1967,0
DA:1970,0
DA:1974,0
DA:1977,0
DA:1981,0
DA:1988,0
DA:1989,0
DA:2000,0
DA:2001,0
DA:2007,0
DA:2008,0
DA:2015,0
DA:2017,0
DA:2019,0
DA:2020,0
DA:2021,0
DA:2023,0
DA:2025,0
DA:2026,0
DA:2027,0
DA:2029,0
DA:2035,0
DA:2042,0
DA:2044,0
DA:2046,0
DA:2047,0
DA:2048,0
DA:2050,0
DA:2052,0
DA:2053,0
DA:2054,0
DA:2056,0
DA:2062,0
DA:2073,0
DA:2078,0
DA:2079,0
DA:2081,0
DA:2082,0
DA:2083,0
DA:2084,0
DA:2085,0
DA:2086,0
DA:2087,0
DA:2088,0
DA:2089,0
DA:2092,0
DA:2098,0
DA:2103,0
DA:2104,0
DA:2106,0
DA:2107,0
DA:2108,0
DA:2109,0
DA:2110,0
DA:2111,0
DA:2112,0
DA:2113,0
DA:2114,0
DA:2117,0
DA:2123,0
DA:2125,0
[...]
DA:2650,0
DA:2651,0
DA:2652,0
DA:2653,0
DA:2655,0
DA:2658,0
DA:2660,0
DA:2663,0
DA:2665,0
DA:2667,0
DA:2669,0
DA:2671,0
DA:2673,0
DA:2679,0
DA:2685,0
DA:2687,0
DA:2688,0
DA:2689,0
DA:2691,0
DA:2694,0
DA:2696,0
DA:2699,0
DA:2701,0
DA:2702,0
DA:2703,0
DA:2704,0
DA:2711,0
DA:2712,0
DA:2715,0
DA:2721,0
DA:2723,0
DA:2724,0
DA:2725,0
DA:2726,0
DA:2727,0
DA:2728,0
DA:2730,0
DA:2732,0
DA:2733,0
DA:2738,0
DA:2740,0
DA:2741,0
DA:2742,0
DA:2743,0
DA:2744,0
DA:2745,0
DA:2746,0
DA:2747,0
DA:2749,0
DA:2751,0
DA:2753,0
DA:2754,0
DA:2759,0
DA:2761,0
DA:2762,0
DA:2763,0
DA:2764,0
DA:2765,0
DA:2766,0
DA:2767,0
DA:2768,0
DA:2769,0
DA:2770,0
DA:2772,0
DA:2774,0
DA:2776,0
DA:2777,0
DA:2782,0
DA:2784,0
DA:2785,0
DA:2786,0
DA:2787,0
DA:2788,0
DA:2789,0
DA:2790,0
DA:2791,0
DA:2792,0
DA:2793,0
DA:2794,0
DA:2795,0
DA:2797,0
DA:2799,0
DA:2801,0
DA:2802,0
DA:2807,0
DA:2809,0
DA:2810,0
DA:2811,0
DA:2812,0
DA:2813,0
DA:2814,0
DA:2815,0
DA:2816,0
DA:2817,0
DA:2818,0
DA:2819,0
DA:2822,0
DA:2823,0
DA:2829,0
DA:2830,0
DA:2832,0
DA:2835,0
DA:2837,0
DA:2838,0
DA:2843,0
DA:2845,0
DA:2846,0
DA:2847,0
DA:2848,0
DA:2849,0
DA:2850,0
DA:2851,0
DA:2852,0
DA:2853,0
DA:2854,0
DA:2855,0
DA:2856,0
DA:2859,0
DA:2860,0
DA:2862,0
DA:2863,0
DA:2868,0
DA:2870,0
DA:2871,0
DA:2872,0
DA:2873,0
DA:2874,0
DA:2875,0
DA:2876,0
DA:2877,0
DA:2878,0
DA:2879,0
DA:2882,0
DA:2883,0
DA:2885,0
DA:2889,0
DA:2892,0
DA:2893,0
DA:2897,0
DA:2899,0
DA:2900,0
DA:2921,0
DA:2923,0
DA:2926,0
DA:2927,0
DA:2928,0
DA:2929,0
DA:2930,0
DA:2931,0
DA:2932,0
DA:2933,0
DA:2934,0
DA:2935,0
DA:2937,0
DA:2940,0
DA:2946,0
DA:2948,0
DA:2951,0
DA:2952,0
DA:2953,0
DA:2954,0
DA:2955,0
DA:2956,0
DA:2957,0
DA:2958,0
DA:2959,0
DA:2960,0
DA:2962,0
DA:2965,0
DA:2971,0
DA:2973,0
DA:2974,0
DA:2975,0
DA:2976,0
DA:2977,0
DA:2978,0
DA:2979,0
DA:2980,0
DA:2983,0
DA:2984,0
DA:2985,0
DA:2986,0
DA:2992,0
DA:2993,0
DA:2995,0
DA:2996,0
DA:3134,366
DA:3136,366
DA:3137,366
DA:3140,366
DA:3141,366
DA:3144,366
DA:3148,366
DA:3151,366
DA:3152,366
DA:3157,366
DA:3159,366
DA:3160,366
DA:3163,366
DA:3169,366
DA:3170,366
DA:3175,1621
DA:3177,1621
DA:3181,1621
DA:3183,1621
DA:3184,1621
DA:3185,1621
DA:3188,1621
DA:3190,1621
DA:3194,1621
DA:3197,0
DA:3199,1621
DA:3203,1621
DA:3206,1621
DA:3207,0
DA:3211,1621
DA:3212,1621
DA:3215,1621
DA:3216,0
DA:3227,1621
DA:3232,0
DA:3234,0
DA:3237,0
DA:3238,0
DA:3243,0
DA:3244,0
DA:3246,0
LF:1138
LH:268
end_of_record
SF:../../../../../../ImperasLib/source/riscv.ovpworld.org/processor/riscv/1.0/model/riscvRegisterTypes.h
FN:58,isXReg
FN:65,isFReg
FN:100,isUReg
FN:107,getRIndex
FN:114,getRBits
FNDA:5128,isXReg
FNDA:0,isFReg
FNDA:0,isUReg
FNDA:5128,getRIndex
FNDA:6360,getRBits
FNF:5
FNH:3
DA:58,5128
DA:59,5128
DA:65,0
DA:66,0
DA:100,0
DA:101,0
DA:107,5128
DA:108,5128
DA:114,6360
DA:115,6360
LF:10
LH:6
end_of_record
SF:../../../../../../ImperasLib/source/riscv.ovpworld.org/processor/riscv/1.0/model/riscvStructure.h
FN:223,getCurrentMode
FNDA:0,getCurrentMode
FNF:1
FNH:0
DA:223,0
DA:224,0
LF:2
LH:0
end_of_record
TN:
SF:../../../../../../ImperasLib/source/riscv.ovpworld.org/processor/riscv/1.0/model/riscvCluster.c
FN:48,getChild
FN:55,getParent
FN:62,getSibling
FN:74,riscvIsCluster
FN:81,riscvIsClusterMember
FN:91,riscvGetClusterVariant
FNDA:0,getChild
FNDA:0,getParent
FNDA:0,getSibling
FNDA:1,riscvIsCluster
FNDA:0,riscvIsClusterMember
FNDA:0,riscvGetClusterVariant
FNF:6
FNH:1
DA:48,0
DA:49,0
DA:55,0
DA:56,0
DA:62,0
DA:63,0
DA:74,1
DA:75,1
DA:81,0
DA:83,0
DA:85,0
DA:91,0
DA:93,0
DA:97,0
DA:98,0
DA:102,0
LF:16
LH:2
end_of_record
TN:
SF:../../../../../../ImperasLib/source/riscv.ovpworld.org/processor/riscv/1.0/model/riscvExceptions.c
FN:146,getPC
FN:153,setPC
FN:167,clearEA
FN:181,getEPC
FN:192,getModeX
FN:217,getInterruptModeX
FN:224,getExceptionModeX
FN:244,getIMode
FN:279,retiredCode
FN:298,accessFaultCode
FN:315,notifyTrapDerived
FN:328,notifyERETDerived
FN:335,riscvTakeException
FN:414,riscvIllegalInstruction
FN:429,riscvInstructionAddressMisaligned
FN:436,riscvECALL
FN:447,riscvEBREAK
FN:461,getERETMode
FN:468,riscvMRET
FN:502,riscvSRET
FN:536,riscvURET
FN:570,riscvRdPrivExcept
FN:582,riscvWrPrivExcept
FN:594,riscvRdAlignExcept
FN:606,riscvWrAlignExcept
FN:618,riscvRdAbortExcept
FN:632,riscvWrAbortExcept
FN:648,riscvFetchSnap
FN:656,validateFetchAddressInt
FN:696,validateFetchAddress
FN:731,getIE
FN:743,getPendingInterrupts
FN:750,getPendingAndEnabledInterrupts
FN:787,doInterrupt
FN:808,riscvIFetchExcept
FN:847,getNumExceptions
FN:854,isExceptionTerminator
FN:861,riscvGetException
FN:900,hasException
FN:912,riscvExceptionInfo
FN:954,riscvGetLocalIntMask
FN:964,riscvSetExceptionMask
FN:1000,posedge
FN:1007,negedge
FN:1021,haltProcessor
FN:1033,restartProcessor
FN:1047,riscvWFI
FN:1057,riscvTestInterrupt
FN:1118,riscvReset
FN:1144,doNMI
FN:1174,riscvUpdatePending
FN:1191,resetPortCB
FN:1214,nmiPortCB
FN:1237,interruptPortCB
FN:1264,newNetPort
FN:1299,riscvNewNetPorts
FN:1339,riscvFreeNetPorts
FN:1355,riscvNetPortSpecs
FN:1377,riscvNetSave
FN:1393,riscvNetRestore
FNDA:0,getPC
FNDA:0,setPC
FNDA:0,clearEA
FNDA:0,getEPC
FNDA:0,getModeX
FNDA:0,getInterruptModeX
FNDA:0,getExceptionModeX
FNDA:0,getIMode
FNDA:0,retiredCode
FNDA:0,accessFaultCode
FNDA:0,notifyTrapDerived
FNDA:0,notifyERETDerived
FNDA:0,riscvTakeException
FNDA:0,riscvIllegalInstruction
FNDA:0,riscvInstructionAddressMisaligned
FNDA:0,riscvECALL
FNDA:0,riscvEBREAK
FNDA:0,getERETMode
FNDA:0,riscvMRET
FNDA:0,riscvSRET
FNDA:0,riscvURET
FNDA:0,riscvRdPrivExcept
FNDA:0,riscvWrPrivExcept
FNDA:0,riscvRdAlignExcept
FNDA:0,riscvWrAlignExcept
FNDA:0,riscvRdAbortExcept
FNDA:0,riscvWrAbortExcept
FNDA:364,riscvFetchSnap
FNDA:720,validateFetchAddressInt
FNDA:360,validateFetchAddress
FNDA:0,getIE
FNDA:360,getPendingInterrupts
FNDA:360,getPendingAndEnabledInterrupts
FNDA:0,doInterrupt
FNDA:360,riscvIFetchExcept
FNDA:0,getNumExceptions
FNDA:0,isExceptionTerminator
FNDA:0,riscvGetException
FNDA:57,hasException
FNDA:0,riscvExceptionInfo
FNDA:2,riscvGetLocalIntMask
FNDA:1,riscvSetExceptionMask
FNDA:0,posedge
FNDA:0,negedge
FNDA:0,haltProcessor
FNDA:1,restartProcessor
FNDA:0,riscvWFI
FNDA:0,riscvTestInterrupt
FNDA:1,riscvReset
FNDA:0,doNMI
FNDA:0,riscvUpdatePending
FNDA:0,resetPortCB
FNDA:0,nmiPortCB
FNDA:0,interruptPortCB
FNDA:8,newNetPort
FNDA:1,riscvNewNetPorts
FNDA:1,riscvFreeNetPorts
FNDA:9,riscvNetPortSpecs
FNDA:0,riscvNetSave
FNDA:0,riscvNetRestore
FNF:60
FNH:15
DA:146,0
DA:147,0
DA:153,0
DA:154,0
DA:155,0
DA:167,0
DA:168,0
DA:169,0
DA:181,0
DA:184,0
DA:186,0
DA:192,0
DA:198,0
DA:202,0
DA:203,0
DA:204,0
DA:205,0
DA:207,0
DA:211,0
DA:217,0
DA:218,0
DA:224,0
DA:225,0
DA:244,0
DA:245,0
DA:279,0
DA:281,0
DA:288,0
DA:291,0
DA:298,0
DA:300,0
DA:305,0
DA:308,0
DA:315,0
DA:320,0
DA:321,0
DA:323,0
DA:328,0
DA:329,0
DA:330,0
DA:335,0
DA:340,0
DA:341,0
DA:342,0
DA:343,0
DA:344,0
DA:351,0
DA:352,0
DA:356,0
DA:357,0
DA:359,0
DA:363,0
DA:366,0
DA:367,0
DA:369,0
DA:373,0
DA:376,0
DA:378,0
DA:381,0
DA:382,0
DA:387,0
DA:388,0
DA:392,0
DA:393,0
DA:395,0
DA:399,0
DA:402,0
DA:405,0
DA:408,0
DA:409,0
DA:414,0
DA:416,0
DA:419,0
DA:420,0
DA:423,0
DA:424,0
DA:429,0
DA:430,0
DA:431,0
DA:436,0
DA:438,0
DA:439,0
DA:441,0
DA:442,0
DA:447,0
DA:448,0
DA:449,0
DA:461,0
DA:462,0
DA:468,0
DA:470,0
DA:471,0
DA:472,0
DA:475,0
DA:478,0
DA:481,0
DA:484,0
DA:487,0
DA:490,0
DA:493,0
DA:496,0
DA:497,0
DA:502,0
DA:504,0
DA:505,0
DA:506,0
DA:509,0
DA:512,0
DA:515,0
DA:518,0
DA:521,0
DA:524,0
DA:527,0
DA:530,0
DA:531,0
DA:536,0
DA:538,0
DA:541,0
DA:544,0
DA:547,0
DA:550,0
DA:553,0
DA:556,0
DA:559,0
DA:560,0
DA:570,0
DA:572,0
DA:574,0
DA:575,0
DA:577,0
DA:582,0
DA:584,0
DA:586,0
DA:587,0
DA:589,0
DA:594,0
DA:596,0
DA:598,0
DA:600,0
DA:606,0
DA:608,0
DA:610,0
DA:612,0
DA:618,0
DA:620,0
DA:622,0
DA:623,0
DA:625,0
DA:627,0
DA:632,0
DA:634,0
DA:636,0
DA:637,0
DA:639,0
DA:641,0
DA:648,364
DA:650,364
DA:656,720
DA:662,720
DA:663,720
DA:665,720
DA:668,719
DA:670,1
DA:674,0
DA:676,1
DA:679,0
DA:680,0
DA:683,0
DA:688,1
DA:696,360
DA:702,360
DA:705,0
DA:707,360
DA:710,0
DA:712,360
DA:715,0
DA:720,360
DA:731,0
DA:733,0
DA:735,0
DA:743,360
DA:744,360
DA:750,360
DA:752,360
DA:754,360
DA:757,0
DA:758,0
DA:759,0
DA:762,0
DA:763,0
DA:764,0
DA:767,0
DA:768,0
DA:769,0
DA:770,0
DA:771,0
DA:774,0
DA:775,0
DA:776,0
DA:780,360
DA:787,0
DA:789,0
DA:792,0
DA:795,0
DA:796,0
DA:797,0
DA:801,0
DA:802,0
DA:808,360
DA:810,360
DA:811,360
DA:812,360
DA:813,360
DA:815,360
DA:818,0
DA:820,0
DA:821,0
DA:824,360
DA:827,0
DA:832,360
DA:835,360
DA:836,360
DA:837,0
DA:838,0
DA:840,0
DA:847,0
DA:848,0
DA:854,0
DA:855,0
DA:861,0
DA:863,0
DA:864,0
DA:865,0
DA:870,0
DA:871,0
DA:874,0
DA:877,0
DA:879,0
DA:882,0
DA:884,0
DA:887,0
DA:892,0
DA:894,0
DA:900,57
DA:902,57
DA:903,0
DA:905,57
DA:912,0
DA:914,0
DA:915,0
DA:916,0
DA:921,0
DA:922,0
DA:923,0
DA:925,0
DA:928,0
DA:931,0
DA:933,0
DA:936,0
DA:938,0
DA:941,0
DA:946,0
DA:948,0
DA:954,2
DA:956,2
DA:958,2
DA:964,1
DA:966,1
DA:967,1
DA:968,1
DA:972,72
DA:974,71
DA:976,71
DA:978,68
DA:979,14
DA:980,54
DA:981,6
DA:986,1
DA:989,1
DA:990,1
DA:1000,0
DA:1001,0
DA:1007,0
DA:1008,0
DA:1021,0
DA:1023,0
DA:1024,0
DA:1027,0
DA:1028,0
DA:1033,1
DA:1035,1
DA:1039,1
DA:1040,1
DA:1042,1
DA:1047,0
DA:1049,0
DA:1050,0
DA:1052,0
DA:1057,0
DA:1059,0
DA:1062,0
DA:1065,0
DA:1067,0
DA:1068,0
DA:1069,0
DA:1070,0
DA:1071,0
DA:1072,0
DA:1073,0
DA:1074,0
DA:1078,0
DA:1080,0
DA:1092,0
DA:1093,0
DA:1094,0
DA:1098,0
DA:1104,0
DA:1105,0
DA:1110,0
DA:1111,0
DA:1113,0
DA:1118,1
DA:1121,1
DA:1124,1
DA:1127,1
DA:1130,1
DA:1131,0
DA:1135,1
DA:1138,1
DA:1139,1
DA:1144,0
DA:1147,0
DA:1150,0
DA:1153,0
DA:1156,0
DA:1159,0
DA:1162,0
DA:1163,0
DA:1174,0
DA:1176,0
DA:1179,0
DA:1182,0
DA:1183,0
DA:1184,0
DA:1186,0
DA:1191,0
DA:1193,0
DA:1194,0
DA:1195,0
DA:1197,0
DA:1200,0
DA:1202,0
DA:1205,0
DA:1208,0
DA:1209,0
DA:1214,0
DA:1216,0
DA:1217,0
DA:1218,0
DA:1220,0
DA:1223,0
DA:1225,0
DA:1228,0
DA:1231,0
DA:1232,0
DA:1237,0
DA:1239,0
DA:1240,0
DA:1241,0
DA:1242,0
DA:1245,0
DA:1247,0
DA:1248,0
DA:1250,0
DA:1253,0
DA:1254,0
DA:1264,8
DA:1273,8
DA:1274,8
DA:1275,8
DA:1278,8
DA:1279,8
DA:1280,8
DA:1281,8
DA:1282,8
DA:1286,8
DA:1287,8
DA:1290,8
DA:1293,8
DA:1299,1
DA:1301,1
DA:1304,1
DA:1309,1
DA:1317,72
DA:1319,71
DA:1320,71
DA:1322,71
DA:1323,6
DA:1334,1
DA:1339,1
DA:1341,1
DA:1344,10
DA:1345,8
DA:1346,8
DA:1349,1
DA:1350,1
DA:1355,9
DA:1357,9
DA:1360,9
DA:1361,1
DA:1363,8
DA:1366,9
DA:1377,0
DA:1382,0
DA:1385,0
DA:1386,0
DA:1388,0
DA:1393,0
DA:1398,0
DA:1401,0
DA:1402,0
DA:1405,0
DA:1407,0
LF:423
LH:100
end_of_record
SF:../../../../../../ImperasLib/source/riscv.ovpworld.org/processor/riscv/1.0/model/riscvStructure.h
FN:223,getCurrentMode
FNDA:0,getCurrentMode
FNF:1
FNH:0
DA:223,0
DA:224,0
LF:2
LH:0
end_of_record
TN:
SF:../../../../../../ImperasLib/source/riscv.ovpworld.org/processor/riscv/1.0/model/riscvDebug.c
FN:130,getNextISRDetails
FN:160,getChild
FN:167,readPC
FN:185,writePC
FN:199,getCSRAttrs
FN:206,readCSR
FN:216,writeCSR
FN:226,getGPRUsage
FN:240,getRegisters
FN:374,isCSRGroup
FN:386,isRegVisible
FN:399,getNextRegister
FN:420,isGroupSupported
FN:436,getNextGroup
FN:454,riscvRegGroup
FN:461,riscvRegInfo
FN:468,riscvFreeRegInfo
FN:504,riscvRegImpl
FN:522,riscvProcessorDescription
FNDA:2,getNextISRDetails
FNDA:38,getChild
FNDA:0,readPC
FNDA:1,writePC
FNDA:0,getCSRAttrs
FNDA:0,readCSR
FNDA:0,writeCSR
FNDA:32,getGPRUsage
FNDA:38,getRegisters
FNDA:0,isCSRGroup
FNDA:611,isRegVisible
FNDA:611,getNextRegister
FNDA:0,isGroupSupported
FNDA:0,getNextGroup
FNDA:0,riscvRegGroup
FNDA:611,riscvRegInfo
FNDA:1,riscvFreeRegInfo
FNDA:0,riscvRegImpl
FNDA:0,riscvProcessorDescription
FNF:19
FNH:9
DA:130,2
DA:135,2
DA:137,2
DA:138,2
DA:140,6
DA:141,2
DA:144,2
DA:148,0
DA:160,38
DA:161,38
DA:167,0
DA:169,0
DA:170,0
DA:171,0
DA:173,0
DA:174,0
DA:176,0
DA:179,0
DA:185,1
DA:187,1
DA:188,1
DA:189,1
DA:191,1
DA:193,1
DA:199,0
DA:200,0
DA:206,0
DA:208,0
DA:210,0
DA:216,0
DA:218,0
DA:220,0
DA:226,32
DA:228,32
DA:229,1
DA:230,31
DA:231,1
DA:233,30
DA:240,38
DA:243,38
DA:245,1
DA:246,1
DA:247,1
DA:248,1
DA:249,1
DA:250,1
DA:257,1
DA:259,0
DA:268,0
DA:272,1
DA:275,1
DA:278,1
DA:281,1
DA:282,210
DA:283,208
DA:287,1
DA:288,2
DA:289,0
DA:293,1
DA:296,33
DA:297,32
DA:298,32
DA:299,32
DA:300,32
DA:301,32
DA:302,32
DA:303,32
DA:304,32
DA:309,1
DA:310,1
DA:311,1
DA:312,1
DA:313,1
DA:314,1
DA:315,1
DA:316,1
DA:317,1
DA:321,1
DA:322,0
DA:323,0
DA:324,0
DA:325,0
DA:326,0
DA:327,0
DA:328,0
DA:332,1
DA:333,210
DA:334,208
DA:335,208
DA:336,208
DA:337,208
DA:338,208
DA:339,208
DA:340,208
DA:341,208
DA:342,208
DA:343,208
DA:344,208
DA:345,208
DA:346,208
DA:347,208
DA:351,1
DA:352,2
DA:353,0
DA:354,0
DA:355,0
DA:356,0
DA:357,0
DA:358,0
DA:359,0
DA:360,0
DA:361,0
DA:362,0
DA:363,0
DA:368,38
DA:374,0
DA:375,0
DA:376,0
DA:377,0
DA:378,0
DA:386,611
DA:387,611
DA:388,611
DA:389,0
DA:390,0
DA:392,0
DA:399,611
DA:405,611
DA:406,38
DA:407,573
DA:408,573
DA:410,0
DA:412,611
DA:414,611
DA:420,0
DA:422,0
DA:424,0
DA:425,0
DA:426,0
DA:430,0
DA:436,0
DA:439,0
DA:440,0
DA:441,0
DA:442,0
DA:444,0
DA:446,0
DA:448,0
DA:454,0
DA:455,0
DA:461,611
DA:462,611
DA:468,1
DA:472,3
DA:473,2
DA:474,1
DA:475,1
DA:478,1
DA:504,0
DA:507,0
DA:508,0
DA:511,0
DA:512,0
DA:522,0
DA:524,0
DA:525,0
DA:527,0
LF:167
LH:95
end_of_record
TN:
SF:../../../../../../ImperasLib/source/riscv.ovpworld.org/processor/riscv/1.0/model/riscvStructure.h
FN:223,getCurrentMode
FNDA:0,getCurrentMode
FNF:1
FNH:0
DA:223,0
DA:224,0
LF:2
LH:0
end_of_record
SF:../../../../../../ImperasLib/source/riscv.ovpworld.org/processor/riscv/1.0/model/riscvUtils.c
FN:39,getChild
FN:46,riscvSetCurrentArch
FN:75,riscvGetXlenArch
FN:98,riscvGetFlenArch
FN:115,riscvGetXlenMode
FN:134,riscvGetEndian
FN:148,riscvNextPC
FN:202,riscvGetModeName
FN:209,riscvGetMode
FN:219,riscvSetMode
FN:244,riscvGetMinMode
FN:258,riscvHasMode
FN:275,riscvModeInfo
FN:299,riscvGetXRegName
FN:345,riscvGetFRegName
FN:391,getFeatureIndex
FN:411,riscvGetFeatureChar
FN:419,riscvGetFeatureName
FN:450,abortEA
FN:459,updateExclusiveAccessCallback
FN:476,riscvAbortExclusiveAccess
FN:491,riscvUpdateExclusiveAccessCallback
FN:501,riscvContextSwitchCB
FNDA:0,getChild
FNDA:2,riscvSetCurrentArch
FNDA:1407,riscvGetXlenArch
FNDA:1,riscvGetFlenArch
FNDA:10039,riscvGetXlenMode
FNDA:3270,riscvGetEndian
FNDA:3587,riscvNextPC
FNDA:8,riscvGetModeName
FNDA:0,riscvGetMode
FNDA:2,riscvSetMode
FNDA:1,riscvGetMinMode
FNDA:1,riscvHasMode
FNDA:0,riscvModeInfo
FNDA:32,riscvGetXRegName
FNDA:0,riscvGetFRegName
FNDA:5,getFeatureIndex
FNDA:0,riscvGetFeatureChar
FNDA:5,riscvGetFeatureName
FNDA:0,abortEA
FNDA:0,updateExclusiveAccessCallback
FNDA:0,riscvAbortExclusiveAccess
FNDA:1210,riscvUpdateExclusiveAccessCallback
FNDA:1210,riscvContextSwitchCB
FNF:23
FNH:15
DA:39,0
DA:40,0
DA:46,2
DA:49,2
DA:50,4
DA:51,2
DA:55,2
DA:56,2
DA:59,2
DA:61,1
DA:64,1
DA:67,1
DA:69,2
DA:75,1407
DA:77,1407
DA:78,1407
DA:81,1407
DA:82,0
DA:83,1407
DA:84,1407
DA:85,0
DA:86,0
DA:91,1407
DA:98,1
DA:100,1
DA:101,1
DA:103,1
DA:104,0
DA:105,1
DA:106,0
DA:109,1
DA:115,10039
DA:117,10039
DA:118,10039
DA:120,10039
DA:121,0
DA:122,10039
DA:123,10039
DA:128,10039
DA:134,3270
DA:136,3270
DA:138,3270
DA:139,3260
DA:141,10
DA:148,3587
DA:151,3587
DA:152,3587
DA:155,3587
DA:156,3587
DA:159,3587
DA:202,8
DA:203,8
DA:209,0
DA:211,0
DA:213,0
DA:219,2
DA:221,2
DA:224,2
DA:225,0
DA:227,2
DA:231,2
DA:232,1
DA:233,1
DA:238,2
DA:239,2
DA:244,1
DA:246,1
DA:247,1
DA:248,0
DA:249,0
DA:251,0
DA:258,1
DA:260,1
DA:262,0
DA:264,1
DA:266,0
DA:268,0
DA:275,0
DA:277,0
DA:280,0
DA:281,0
DA:285,0
DA:288,0
DA:289,0
DA:293,0
DA:299,32
DA:337,32
DA:339,32
DA:345,0
DA:383,0
DA:385,0
DA:391,5
DA:393,5
DA:396,5
DA:399,99
DA:400,89
DA:401,89
DA:404,5
DA:411,0
DA:413,0
DA:419,5
DA:439,5
DA:450,0
DA:451,0
DA:452,0
DA:454,0
DA:459,0
DA:461,0
DA:462,0
DA:463,0
DA:466,0
DA:467,0
DA:469,0
DA:471,0
DA:476,0
DA:478,0
DA:481,0
DA:484,0
DA:486,0
DA:491,1210
DA:492,1210
DA:493,0
DA:495,1210
DA:501,1210
DA:502,1210
DA:503,1210
LF:126
LH:77
end_of_record
TN:
SF:../../../../../../ImperasLib/source/riscv.ovpworld.org/processor/riscv/1.0/model/riscvDisassemble.c
FN:50,putChar
FN:68,putString
FN:89,putUncookedKey
FN:109,putInstruction
FN:128,putComma
FN:148,putD
FN:155,putX
FN:162,putTarget
FN:169,putReg
FN:187,putCSR
FN:201,putFence
FN:220,putRM
FN:247,putType
FN:295,putOpcode
FN:335,disassembleFormat
FN:466,disassembleInfo
FN:496,riscvDisassemble
FNDA:0,putChar
FNDA:0,putString
FNDA:0,putUncookedKey
FNDA:0,putInstruction
FNDA:0,putComma
FNDA:0,putD
FNDA:0,putX
FNDA:0,putTarget
FNDA:0,putReg
FNDA:0,putCSR
FNDA:0,putFence
FNDA:0,putRM
FNDA:0,putType
FNDA:0,putOpcode
FNDA:0,disassembleFormat
FNDA:0,disassembleInfo
FNDA:0,riscvDisassemble
FNF:17
FNH:0
DA:50,0
DA:53,0
DA:56,0
DA:59,0
DA:62,0
DA:63,0
DA:68,0
DA:71,0
DA:75,0
DA:76,0
DA:80,0
DA:83,0
DA:84,0
DA:89,0
DA:90,0
DA:91,0
DA:92,0
DA:94,0
DA:109,0
DA:114,0
DA:115,0
DA:117,0
DA:121,0
DA:122,0
DA:128,0
DA:130,0
DA:132,0
DA:134,0
DA:137,0
DA:139,0
DA:140,0
DA:143,0
DA:148,0
DA:149,0
DA:150,0
DA:155,0
DA:156,0
DA:157,0
DA:162,0
DA:163,0
DA:164,0
DA:169,0
DA:171,0
DA:173,0
DA:175,0
DA:176,0
DA:177,0
DA:178,0
DA:182,0
DA:187,0
DA:189,0
DA:191,0
DA:192,0
DA:194,0
DA:196,0
DA:201,0
DA:207,0
DA:208,0
DA:209,0
DA:210,0
DA:211,0
DA:212,0
DA:213,0
DA:215,0
DA:220,0
DA:222,0
DA:224,0
DA:240,0
DA:242,0
DA:247,0
DA:253,0
DA:255,0
DA:257,0
DA:260,0
DA:263,0
DA:264,0
DA:265,0
DA:266,0
DA:267,0
DA:268,0
DA:269,0
DA:270,0
DA:276,0
DA:277,0
DA:280,0
DA:283,0
DA:286,0
DA:289,0
DA:295,0
DA:297,0
DA:301,0
DA:304,0
DA:305,0
DA:309,0
DA:310,0
DA:311,0
DA:312,0
DA:313,0
DA:317,0
DA:318,0
DA:322,0
DA:323,0
DA:328,0
DA:329,0
DA:330,0
DA:335,0
DA:343,0
DA:344,0
DA:348,0
DA:351,0
DA:353,0
DA:356,0
DA:357,0
DA:361,0
DA:364,0
DA:365,0
DA:369,0
DA:373,0
DA:376,0
DA:379,0
DA:382,0
DA:384,0
DA:386,0
DA:387,0
DA:388,0
DA:390,0
DA:391,0
DA:392,0
DA:394,0
DA:395,0
DA:396,0
DA:398,0
DA:399,0
DA:400,0
DA:402,0
DA:403,0
DA:404,0
DA:406,0
DA:407,0
DA:408,0
DA:410,0
DA:411,0
DA:412,0
DA:414,0
DA:415,0
DA:416,0
DA:418,0
DA:419,0
DA:420,0
DA:422,0
DA:423,0
DA:424,0
DA:426,0
DA:427,0
DA:428,0
DA:430,0
DA:431,0
DA:433,0
DA:434,0
DA:436,0
DA:437,0
DA:442,0
DA:446,0
DA:447,0
DA:448,0
DA:452,0
DA:453,0
DA:454,0
DA:456,0
DA:466,0
DA:473,0
DA:474,0
DA:477,0
DA:480,0
DA:483,0
DA:490,0
DA:496,0
DA:498,0
DA:502,0
DA:505,0
LF:180
LH:0
end_of_record
SF:../../../../../../ImperasLib/source/riscv.ovpworld.org/processor/riscv/1.0/model/riscvRegisterTypes.h
FN:58,isXReg
FN:65,isFReg
FN:72,isQReg
FN:79,isWLReg
FN:86,isFXReg
FN:100,isUReg
FN:107,getRIndex
FN:114,getRBits
FN:121,getRType
FNDA:0,isXReg
FNDA:0,isFReg
FNDA:0,isQReg
FNDA:0,isWLReg
FNDA:0,isFXReg
FNDA:0,isUReg
FNDA:0,getRIndex
FNDA:0,getRBits
FNDA:0,getRType
FNF:9
FNH:0
DA:58,0
DA:59,0
DA:65,0
DA:66,0
DA:72,0
DA:73,0
DA:79,0
DA:80,0
DA:86,0
DA:87,0
DA:100,0
DA:101,0
DA:107,0
DA:108,0
DA:114,0
DA:115,0
DA:121,0
DA:122,0
LF:18
LH:0
end_of_record
TN:
SF:../../../../../../Examples/Models/Processor/FeatureUsage/RISCV_CustomInstructionFlow/instructionExtensionLib/customChaCha20.c
FN:112,createDecodeTable
FN:140,getInstrType
FN:200,docChaCha20
FN:223,extensionDoc
FN:260,constructor
FN:281,emitChaCha20
FN:309,doMorph
FN:339,doDisass
FNDA:3,createDecodeTable
FNDA:1637,getInstrType
FNDA:8,docChaCha20
FNDA:2,extensionDoc
FNDA:3,constructor
FNDA:16,emitChaCha20
FNDA:1637,doMorph
FNDA:0,doDisass
FNF:8
FNH:7
DA:112,3
DA:114,3
DA:125,3
DA:126,3
DA:127,3
DA:128,3
DA:130,3
DA:140,1637
DA:147,1637
DA:148,1637
DA:150,1637
DA:151,1637
DA:152,1637
DA:155,1637
DA:200,8
DA:206,8
DA:209,8
DA:210,8
DA:211,8
DA:212,8
DA:213,8
DA:214,8
DA:217,8
DA:218,8
DA:223,2
DA:225,2
DA:228,2
DA:235,2
DA:239,2
DA:245,2
DA:246,2
DA:247,2
DA:248,2
DA:250,2
DA:251,2
DA:260,3
DA:265,99
DA:266,96
DA:270,3
DA:272,3
DA:281,16
DA:289,16
DA:290,16
DA:291,16
DA:293,16
DA:294,16
DA:295,16
DA:297,16
DA:298,16
DA:300,16
DA:301,16
DA:303,16
DA:304,16
DA:309,1637
DA:313,1637
DA:315,1637
DA:316,1637
DA:317,4
DA:319,1633
DA:320,4
DA:322,1629
DA:323,4
DA:325,1625
DA:326,4
DA:329,1621
DA:333,1637
DA:339,0
DA:342,0
DA:343,0
DA:345,0
DA:349,0
DA:350,0
DA:351,0
DA:353,0
DA:354,0
DA:355,0
DA:357,0
DA:358,0
DA:359,0
DA:361,0
DA:362,0
DA:363,0
DA:365,0
DA:366,0
DA:367,0
DA:370,0
DA:375,0
LF:87
LH:66
end_of_record
